<?xml version="1.0" encoding="UTF-8"?>
<robot generator="Robot 6.1.1 (Python 3.8.0 on win32)" generated="20240419 00:37:42.425" rpa="false" schemaversion="4">
<suite id="s1" name="Main" source="D:\Primeskill\E-journey\Student\signUp\credential\main.robot">
<test id="s1-t1" name="SignUp Attempt with Missing Credentials" line="25">
<kw name="Open Browser" library="SeleniumLibrary">
<arg>${URL}</arg>
<arg>browser=chrome</arg>
<doc>Opens a new browser instance to the optional ``url``.</doc>
<msg timestamp="20240419 00:37:42.630" level="INFO">Opening browser 'chrome' to base url 'https://staging.auth.app.ejourney.id/'.</msg>
<status status="PASS" starttime="20240419 00:37:42.630" endtime="20240419 00:37:46.162"/>
</kw>
<kw name="Maximize Browser Window" library="SeleniumLibrary">
<doc>Maximizes current browser window.</doc>
<status status="PASS" starttime="20240419 00:37:46.162" endtime="20240419 00:37:46.289"/>
</kw>
<kw name="Wait Until Page Contains" library="SeleniumLibrary">
<arg>Welcome back! Please select method to sign in</arg>
<arg>timeout=10s</arg>
<doc>Waits until ``text`` appears on the current page.</doc>
<status status="PASS" starttime="20240419 00:37:46.291" endtime="20240419 00:37:46.305"/>
</kw>
<kw name="Move to signUp page">
<kw name="Click Element" library="SeleniumLibrary">
<arg>${SignUp}</arg>
<doc>Click the element identified by ``locator``.</doc>
<msg timestamp="20240419 00:37:46.308" level="INFO">Clicking element 'xpath=//a[text()='Sign up']'.</msg>
<status status="PASS" starttime="20240419 00:37:46.305" endtime="20240419 00:37:46.355"/>
</kw>
<status status="PASS" starttime="20240419 00:37:46.305" endtime="20240419 00:37:46.355"/>
</kw>
<kw name="Do SignUp Attempt with Missing Credentials">
<kw name="Wait Until Element Is Visible" library="SeleniumLibrary">
<arg>//input[@id='validationCustom01']</arg>
<doc>Waits until the element ``locator`` is visible.</doc>
<status status="PASS" starttime="20240419 00:37:46.355" endtime="20240419 00:37:46.624"/>
</kw>
<kw name="Scroll Element Into View" library="SeleniumLibrary">
<arg>xpath=//button[@type='submit']</arg>
<doc>Scrolls the element identified by ``locator`` into view.</doc>
<status status="PASS" starttime="20240419 00:37:46.624" endtime="20240419 00:37:46.945"/>
</kw>
<kw name="Sleep" library="BuiltIn">
<arg>1s</arg>
<doc>Pauses the test executed for the given time.</doc>
<msg timestamp="20240419 00:37:47.952" level="INFO">Slept 1 second</msg>
<status status="PASS" starttime="20240419 00:37:46.945" endtime="20240419 00:37:47.952"/>
</kw>
<kw name="Element Should Be Disabled" library="SeleniumLibrary">
<var>${CheckButton}</var>
<arg>xpath=//button[@type='submit']</arg>
<doc>Verifies that element identified by ``locator`` is disabled.</doc>
<msg timestamp="20240419 00:37:47.968" level="INFO">${CheckButton} = None</msg>
<status status="PASS" starttime="20240419 00:37:47.952" endtime="20240419 00:37:47.968"/>
</kw>
<kw name="Run Keyword If" library="BuiltIn">
<arg>'${CheckButton}' == 'True'</arg>
<arg>Log</arg>
<arg>Passed. Button is disabled.</arg>
<arg>ELSE</arg>
<arg>Log</arg>
<arg>Failed. Button is enabled</arg>
<doc>Runs the given keyword with the given arguments, if ``condition`` is true.</doc>
<kw name="Log" library="BuiltIn">
<arg>Failed. Button is enabled</arg>
<doc>Logs the given message with the given level.</doc>
<msg timestamp="20240419 00:37:47.968" level="INFO">Failed. Button is enabled</msg>
<status status="PASS" starttime="20240419 00:37:47.968" endtime="20240419 00:37:47.968"/>
</kw>
<status status="PASS" starttime="20240419 00:37:47.968" endtime="20240419 00:37:47.968"/>
</kw>
<kw name="Element Should Be Disabled" library="SeleniumLibrary">
<arg>xpath=//button[@type='submit']</arg>
<doc>Verifies that element identified by ``locator`` is disabled.</doc>
<status status="PASS" starttime="20240419 00:37:47.968" endtime="20240419 00:37:47.985"/>
</kw>
<status status="PASS" starttime="20240419 00:37:46.355" endtime="20240419 00:37:47.985"/>
</kw>
<kw name="Do Screenshot">
<kw name="Get Current Date" library="DateTime">
<var>${timestamp}</var>
<arg>result_format=%d%m%Y_%H%M%S</arg>
<doc>Returns current local or UTC time with an optional increment.</doc>
<msg timestamp="20240419 00:37:47.985" level="INFO">${timestamp} = 19042024_003747</msg>
<status status="PASS" starttime="20240419 00:37:47.985" endtime="20240419 00:37:47.985"/>
</kw>
<kw name="Set Variable" library="BuiltIn">
<var>${screenshot_path}</var>
<arg>\images</arg>
<doc>Returns the given values which can then be assigned to a variables.</doc>
<msg timestamp="20240419 00:37:47.985" level="INFO">${screenshot_path} = images</msg>
<status status="PASS" starttime="20240419 00:37:47.985" endtime="20240419 00:37:47.985"/>
</kw>
<kw name="Set Variable" library="BuiltIn">
<var>${screenshot_filename}</var>
<arg>screenshot_${timestamp}.png</arg>
<doc>Returns the given values which can then be assigned to a variables.</doc>
<msg timestamp="20240419 00:37:47.985" level="INFO">${screenshot_filename} = screenshot_19042024_003747.png</msg>
<status status="PASS" starttime="20240419 00:37:47.985" endtime="20240419 00:37:47.985"/>
</kw>
<kw name="Set Screenshot Directory" library="SeleniumLibrary">
<arg>${screenshot_path}</arg>
<doc>Sets the directory for captured screenshots.</doc>
<status status="PASS" starttime="20240419 00:37:47.985" endtime="20240419 00:37:47.985"/>
</kw>
<kw name="Capture Page Screenshot" library="SeleniumLibrary">
<arg>${screenshot_filename}</arg>
<doc>Takes a screenshot of the current page and embeds it into a log file.</doc>
<msg timestamp="20240419 00:37:48.343" level="INFO" html="true">&lt;/td&gt;&lt;/tr&gt;&lt;tr&gt;&lt;td colspan="3"&gt;&lt;a href="images/screenshot_19042024_003747.png"&gt;&lt;img src="images/screenshot_19042024_003747.png" width="800px"&gt;&lt;/a&gt;</msg>
<status status="PASS" starttime="20240419 00:37:47.985" endtime="20240419 00:37:48.343"/>
</kw>
<status status="PASS" starttime="20240419 00:37:47.985" endtime="20240419 00:37:48.343"/>
</kw>
<status status="PASS" starttime="20240419 00:37:42.630" endtime="20240419 00:37:48.343"/>
</test>
<test id="s1-t2" name="SignUp Without entering Fullname" line="33">
<kw name="Reload Page" library="SeleniumLibrary">
<doc>Simulates user reloading page.</doc>
<status status="PASS" starttime="20240419 00:37:48.343" endtime="20240419 00:37:48.712"/>
</kw>
<kw name="Do SignUp without entering fullname">
<kw name="Wait Until Element Is Visible" library="SeleniumLibrary">
<arg>//input[@id='validationCustom01']</arg>
<doc>Waits until the element ``locator`` is visible.</doc>
<status status="PASS" starttime="20240419 00:37:48.713" endtime="20240419 00:37:48.759"/>
</kw>
<kw name="Input Text" library="SeleniumLibrary">
<arg>//input[@id='validationCustom03']</arg>
<arg>${Email}</arg>
<doc>Types the given ``text`` into the text field identified by ``locator``.</doc>
<msg timestamp="20240419 00:37:48.760" level="INFO">Typing text 'testing17@gmail.com' into text field '//input[@id='validationCustom03']'.</msg>
<status status="PASS" starttime="20240419 00:37:48.759" endtime="20240419 00:37:48.902"/>
</kw>
<kw name="Input Text" library="SeleniumLibrary">
<arg>//div[@id='dob']/input[@type='text']</arg>
<arg>${BirthDate}</arg>
<doc>Types the given ``text`` into the text field identified by ``locator``.</doc>
<msg timestamp="20240419 00:37:48.902" level="INFO">Typing text '20040425' into text field '//div[@id='dob']/input[@type='text']'.</msg>
<status status="PASS" starttime="20240419 00:37:48.902" endtime="20240419 00:37:49.102"/>
</kw>
<kw name="Input Password" library="SeleniumLibrary">
<arg>//input[@id='validationCustom04']</arg>
<arg>${Password}</arg>
<doc>Types the given password into the text field identified by ``locator``.</doc>
<msg timestamp="20240419 00:37:49.104" level="INFO">Typing password into text field '//input[@id='validationCustom04']'.</msg>
<msg timestamp="20240419 00:37:49.145" level="INFO">Temporally setting log level to: NONE</msg>
<msg timestamp="20240419 00:37:49.201" level="INFO">Log level changed from NONE to INFO.</msg>
<status status="PASS" starttime="20240419 00:37:49.102" endtime="20240419 00:37:49.201"/>
</kw>
<kw name="Wait Until Element Is Visible" library="SeleniumLibrary">
<arg>//input[@id='validationCustom04']</arg>
<doc>Waits until the element ``locator`` is visible.</doc>
<status status="PASS" starttime="20240419 00:37:49.201" endtime="20240419 00:37:49.210"/>
</kw>
<kw name="Input Password" library="SeleniumLibrary">
<arg>//input[@id='validationCustom05']</arg>
<arg>${ConfirmPass}</arg>
<doc>Types the given password into the text field identified by ``locator``.</doc>
<msg timestamp="20240419 00:37:49.210" level="INFO">Typing password into text field '//input[@id='validationCustom05']'.</msg>
<msg timestamp="20240419 00:37:49.241" level="INFO">Temporally setting log level to: NONE</msg>
<msg timestamp="20240419 00:37:49.282" level="INFO">Log level changed from NONE to INFO.</msg>
<status status="PASS" starttime="20240419 00:37:49.210" endtime="20240419 00:37:49.282"/>
</kw>
<kw name="Accept TnC">
<kw name="Scroll Element Into View" library="SeleniumLibrary">
<arg>xpath=//button[@type='submit']</arg>
<doc>Scrolls the element identified by ``locator`` into view.</doc>
<status status="PASS" starttime="20240419 00:37:49.282" endtime="20240419 00:37:49.574"/>
</kw>
<kw name="Click Element" library="SeleniumLibrary">
<arg>//input[@type='checkbox']</arg>
<doc>Click the element identified by ``locator``.</doc>
<msg timestamp="20240419 00:37:49.574" level="INFO">Clicking element '//input[@type='checkbox']'.</msg>
<status status="PASS" starttime="20240419 00:37:49.574" endtime="20240419 00:37:49.664"/>
</kw>
<kw name="Wait Until Page Contains" library="SeleniumLibrary">
<arg>Terms and conditions</arg>
<doc>Waits until ``text`` appears on the current page.</doc>
<status status="PASS" starttime="20240419 00:37:49.664" endtime="20240419 00:37:49.680"/>
</kw>
<kw name="Wait Until Element Is Enabled" library="SeleniumLibrary">
<arg>xpath=//button[contains(.,'Accept')]</arg>
<doc>Waits until the element ``locator`` is enabled.</doc>
<status status="PASS" starttime="20240419 00:37:49.680" endtime="20240419 00:37:49.715"/>
</kw>
<kw name="Click Element" library="SeleniumLibrary">
<arg>xpath=//button[contains(.,'Accept')]</arg>
<doc>Click the element identified by ``locator``.</doc>
<msg timestamp="20240419 00:37:49.715" level="INFO">Clicking element 'xpath=//button[contains(.,'Accept')]'.</msg>
<status status="PASS" starttime="20240419 00:37:49.715" endtime="20240419 00:37:49.764"/>
</kw>
<kw name="Wait Until Page Contains" library="SeleniumLibrary">
<arg>Welcome back! Please select method to sign up</arg>
<doc>Waits until ``text`` appears on the current page.</doc>
<status status="PASS" starttime="20240419 00:37:49.764" endtime="20240419 00:37:49.780"/>
</kw>
<status status="PASS" starttime="20240419 00:37:49.282" endtime="20240419 00:37:49.781"/>
</kw>
<kw name="Scroll Element Into View" library="SeleniumLibrary">
<arg>xpath=//button[@type='submit']</arg>
<doc>Scrolls the element identified by ``locator`` into view.</doc>
<status status="PASS" starttime="20240419 00:37:49.781" endtime="20240419 00:37:50.063"/>
</kw>
<kw name="Click Element" library="SeleniumLibrary">
<arg>xpath=//button[@type='submit']</arg>
<doc>Click the element identified by ``locator``.</doc>
<msg timestamp="20240419 00:37:50.063" level="INFO">Clicking element 'xpath=//button[@type='submit']'.</msg>
<status status="PASS" starttime="20240419 00:37:50.063" endtime="20240419 00:37:50.132"/>
</kw>
<kw name="Wait Until Element Contains" library="SeleniumLibrary">
<arg>xpath=//div[@class='invalid-feedback' and text()='Name is required']</arg>
<arg>Name is required</arg>
<doc>Waits until the element ``locator`` contains ``text``.</doc>
<status status="PASS" starttime="20240419 00:37:50.132" endtime="20240419 00:37:50.160"/>
</kw>
<status status="PASS" starttime="20240419 00:37:48.713" endtime="20240419 00:37:50.160"/>
</kw>
<kw name="Do Screenshot">
<kw name="Get Current Date" library="DateTime">
<var>${timestamp}</var>
<arg>result_format=%d%m%Y_%H%M%S</arg>
<doc>Returns current local or UTC time with an optional increment.</doc>
<msg timestamp="20240419 00:37:50.168" level="INFO">${timestamp} = 19042024_003750</msg>
<status status="PASS" starttime="20240419 00:37:50.168" endtime="20240419 00:37:50.168"/>
</kw>
<kw name="Set Variable" library="BuiltIn">
<var>${screenshot_path}</var>
<arg>\images</arg>
<doc>Returns the given values which can then be assigned to a variables.</doc>
<msg timestamp="20240419 00:37:50.168" level="INFO">${screenshot_path} = images</msg>
<status status="PASS" starttime="20240419 00:37:50.168" endtime="20240419 00:37:50.168"/>
</kw>
<kw name="Set Variable" library="BuiltIn">
<var>${screenshot_filename}</var>
<arg>screenshot_${timestamp}.png</arg>
<doc>Returns the given values which can then be assigned to a variables.</doc>
<msg timestamp="20240419 00:37:50.168" level="INFO">${screenshot_filename} = screenshot_19042024_003750.png</msg>
<status status="PASS" starttime="20240419 00:37:50.168" endtime="20240419 00:37:50.168"/>
</kw>
<kw name="Set Screenshot Directory" library="SeleniumLibrary">
<arg>${screenshot_path}</arg>
<doc>Sets the directory for captured screenshots.</doc>
<status status="PASS" starttime="20240419 00:37:50.168" endtime="20240419 00:37:50.168"/>
</kw>
<kw name="Capture Page Screenshot" library="SeleniumLibrary">
<arg>${screenshot_filename}</arg>
<doc>Takes a screenshot of the current page and embeds it into a log file.</doc>
<msg timestamp="20240419 00:37:50.575" level="INFO" html="true">&lt;/td&gt;&lt;/tr&gt;&lt;tr&gt;&lt;td colspan="3"&gt;&lt;a href="images/screenshot_19042024_003750.png"&gt;&lt;img src="images/screenshot_19042024_003750.png" width="800px"&gt;&lt;/a&gt;</msg>
<status status="PASS" starttime="20240419 00:37:50.168" endtime="20240419 00:37:50.581"/>
</kw>
<status status="PASS" starttime="20240419 00:37:50.166" endtime="20240419 00:37:50.581"/>
</kw>
<status status="PASS" starttime="20240419 00:37:48.343" endtime="20240419 00:37:50.581"/>
</test>
<test id="s1-t3" name="SignUp Without entering email" line="38">
<kw name="Reload Page" library="SeleniumLibrary">
<doc>Simulates user reloading page.</doc>
<status status="PASS" starttime="20240419 00:37:50.581" endtime="20240419 00:37:50.907"/>
</kw>
<kw name="Do SignUp without entering email">
<kw name="Wait Until Element Is Visible" library="SeleniumLibrary">
<arg>//input[@id='validationCustom01']</arg>
<doc>Waits until the element ``locator`` is visible.</doc>
<status status="PASS" starttime="20240419 00:37:50.907" endtime="20240419 00:37:50.961"/>
</kw>
<kw name="Input Text" library="SeleniumLibrary">
<arg>//input[@id='validationCustom01']</arg>
<arg>${FullName}</arg>
<doc>Types the given ``text`` into the text field identified by ``locator``.</doc>
<msg timestamp="20240419 00:37:50.961" level="INFO">Typing text 'Raisani aprilia' into text field '//input[@id='validationCustom01']'.</msg>
<status status="PASS" starttime="20240419 00:37:50.961" endtime="20240419 00:37:51.066"/>
</kw>
<kw name="Input Text" library="SeleniumLibrary">
<arg>//div[@id='dob']/input[@type='text']</arg>
<arg>${BirthDate}</arg>
<doc>Types the given ``text`` into the text field identified by ``locator``.</doc>
<msg timestamp="20240419 00:37:51.066" level="INFO">Typing text '20040425' into text field '//div[@id='dob']/input[@type='text']'.</msg>
<status status="PASS" starttime="20240419 00:37:51.066" endtime="20240419 00:37:51.184"/>
</kw>
<kw name="Input Password" library="SeleniumLibrary">
<arg>//input[@id='validationCustom04']</arg>
<arg>${Password}</arg>
<doc>Types the given password into the text field identified by ``locator``.</doc>
<msg timestamp="20240419 00:37:51.187" level="INFO">Typing password into text field '//input[@id='validationCustom04']'.</msg>
<msg timestamp="20240419 00:37:51.225" level="INFO">Temporally setting log level to: NONE</msg>
<msg timestamp="20240419 00:37:51.307" level="INFO">Log level changed from NONE to INFO.</msg>
<status status="PASS" starttime="20240419 00:37:51.185" endtime="20240419 00:37:51.307"/>
</kw>
<kw name="Wait Until Element Is Visible" library="SeleniumLibrary">
<arg>//input[@id='validationCustom04']</arg>
<doc>Waits until the element ``locator`` is visible.</doc>
<status status="PASS" starttime="20240419 00:37:51.307" endtime="20240419 00:37:51.345"/>
</kw>
<kw name="Input Password" library="SeleniumLibrary">
<arg>//input[@id='validationCustom05']</arg>
<arg>${ConfirmPass}</arg>
<doc>Types the given password into the text field identified by ``locator``.</doc>
<msg timestamp="20240419 00:37:51.347" level="INFO">Typing password into text field '//input[@id='validationCustom05']'.</msg>
<msg timestamp="20240419 00:37:51.388" level="INFO">Temporally setting log level to: NONE</msg>
<msg timestamp="20240419 00:37:51.454" level="INFO">Log level changed from NONE to INFO.</msg>
<status status="PASS" starttime="20240419 00:37:51.345" endtime="20240419 00:37:51.454"/>
</kw>
<kw name="Accept TnC">
<kw name="Scroll Element Into View" library="SeleniumLibrary">
<arg>xpath=//button[@type='submit']</arg>
<doc>Scrolls the element identified by ``locator`` into view.</doc>
<status status="PASS" starttime="20240419 00:37:51.455" endtime="20240419 00:37:51.748"/>
</kw>
<kw name="Click Element" library="SeleniumLibrary">
<arg>//input[@type='checkbox']</arg>
<doc>Click the element identified by ``locator``.</doc>
<msg timestamp="20240419 00:37:51.748" level="INFO">Clicking element '//input[@type='checkbox']'.</msg>
<status status="PASS" starttime="20240419 00:37:51.748" endtime="20240419 00:37:51.829"/>
</kw>
<kw name="Wait Until Page Contains" library="SeleniumLibrary">
<arg>Terms and conditions</arg>
<doc>Waits until ``text`` appears on the current page.</doc>
<status status="PASS" starttime="20240419 00:37:51.829" endtime="20240419 00:37:51.847"/>
</kw>
<kw name="Wait Until Element Is Enabled" library="SeleniumLibrary">
<arg>xpath=//button[contains(.,'Accept')]</arg>
<doc>Waits until the element ``locator`` is enabled.</doc>
<status status="PASS" starttime="20240419 00:37:51.847" endtime="20240419 00:37:51.891"/>
</kw>
<kw name="Click Element" library="SeleniumLibrary">
<arg>xpath=//button[contains(.,'Accept')]</arg>
<doc>Click the element identified by ``locator``.</doc>
<msg timestamp="20240419 00:37:51.893" level="INFO">Clicking element 'xpath=//button[contains(.,'Accept')]'.</msg>
<status status="PASS" starttime="20240419 00:37:51.891" endtime="20240419 00:37:51.957"/>
</kw>
<kw name="Wait Until Page Contains" library="SeleniumLibrary">
<arg>Welcome back! Please select method to sign up</arg>
<doc>Waits until ``text`` appears on the current page.</doc>
<status status="PASS" starttime="20240419 00:37:51.957" endtime="20240419 00:37:51.972"/>
</kw>
<status status="PASS" starttime="20240419 00:37:51.455" endtime="20240419 00:37:51.972"/>
</kw>
<kw name="Scroll Element Into View" library="SeleniumLibrary">
<arg>xpath=//button[@type='submit']</arg>
<doc>Scrolls the element identified by ``locator`` into view.</doc>
<status status="PASS" starttime="20240419 00:37:51.972" endtime="20240419 00:37:52.271"/>
</kw>
<kw name="Click Element" library="SeleniumLibrary">
<arg>xpath=//button[@type='submit']</arg>
<doc>Click the element identified by ``locator``.</doc>
<msg timestamp="20240419 00:37:52.271" level="INFO">Clicking element 'xpath=//button[@type='submit']'.</msg>
<status status="PASS" starttime="20240419 00:37:52.271" endtime="20240419 00:37:52.339"/>
</kw>
<kw name="Wait Until Element Contains" library="SeleniumLibrary">
<arg>xpath=//div[@class='invalid-feedback' and text()='Email is required']</arg>
<arg>Email is required</arg>
<doc>Waits until the element ``locator`` contains ``text``.</doc>
<status status="PASS" starttime="20240419 00:37:52.340" endtime="20240419 00:37:52.372"/>
</kw>
<status status="PASS" starttime="20240419 00:37:50.907" endtime="20240419 00:37:52.372"/>
</kw>
<kw name="Do Screenshot">
<kw name="Get Current Date" library="DateTime">
<var>${timestamp}</var>
<arg>result_format=%d%m%Y_%H%M%S</arg>
<doc>Returns current local or UTC time with an optional increment.</doc>
<msg timestamp="20240419 00:37:52.374" level="INFO">${timestamp} = 19042024_003752</msg>
<status status="PASS" starttime="20240419 00:37:52.372" endtime="20240419 00:37:52.374"/>
</kw>
<kw name="Set Variable" library="BuiltIn">
<var>${screenshot_path}</var>
<arg>\images</arg>
<doc>Returns the given values which can then be assigned to a variables.</doc>
<msg timestamp="20240419 00:37:52.374" level="INFO">${screenshot_path} = images</msg>
<status status="PASS" starttime="20240419 00:37:52.374" endtime="20240419 00:37:52.374"/>
</kw>
<kw name="Set Variable" library="BuiltIn">
<var>${screenshot_filename}</var>
<arg>screenshot_${timestamp}.png</arg>
<doc>Returns the given values which can then be assigned to a variables.</doc>
<msg timestamp="20240419 00:37:52.374" level="INFO">${screenshot_filename} = screenshot_19042024_003752.png</msg>
<status status="PASS" starttime="20240419 00:37:52.374" endtime="20240419 00:37:52.374"/>
</kw>
<kw name="Set Screenshot Directory" library="SeleniumLibrary">
<arg>${screenshot_path}</arg>
<doc>Sets the directory for captured screenshots.</doc>
<status status="PASS" starttime="20240419 00:37:52.374" endtime="20240419 00:37:52.374"/>
</kw>
<kw name="Capture Page Screenshot" library="SeleniumLibrary">
<arg>${screenshot_filename}</arg>
<doc>Takes a screenshot of the current page and embeds it into a log file.</doc>
<msg timestamp="20240419 00:37:52.767" level="INFO" html="true">&lt;/td&gt;&lt;/tr&gt;&lt;tr&gt;&lt;td colspan="3"&gt;&lt;a href="images/screenshot_19042024_003752.png"&gt;&lt;img src="images/screenshot_19042024_003752.png" width="800px"&gt;&lt;/a&gt;</msg>
<status status="PASS" starttime="20240419 00:37:52.374" endtime="20240419 00:37:52.771"/>
</kw>
<status status="PASS" starttime="20240419 00:37:52.372" endtime="20240419 00:37:52.771"/>
</kw>
<status status="PASS" starttime="20240419 00:37:50.581" endtime="20240419 00:37:52.772"/>
</test>
<test id="s1-t4" name=" SignUp Attempt with Duplicate Email" line="43">
<kw name="Reload Page" library="SeleniumLibrary">
<doc>Simulates user reloading page.</doc>
<status status="PASS" starttime="20240419 00:37:52.775" endtime="20240419 00:37:53.146"/>
</kw>
<kw name="Do SignUp Attempt with Duplicate Email">
<kw name="Wait Until Element Is Visible" library="SeleniumLibrary">
<arg>//input[@id='validationCustom01']</arg>
<doc>Waits until the element ``locator`` is visible.</doc>
<status status="PASS" starttime="20240419 00:37:53.146" endtime="20240419 00:37:53.194"/>
</kw>
<kw name="Input Text" library="SeleniumLibrary">
<arg>//input[@id='validationCustom01']</arg>
<arg>${FullName}</arg>
<doc>Types the given ``text`` into the text field identified by ``locator``.</doc>
<msg timestamp="20240419 00:37:53.202" level="INFO">Typing text 'Raisani aprilia' into text field '//input[@id='validationCustom01']'.</msg>
<status status="PASS" starttime="20240419 00:37:53.194" endtime="20240419 00:37:53.346"/>
</kw>
<kw name="Input Text" library="SeleniumLibrary">
<arg>//input[@id='validationCustom03']</arg>
<arg>${DuplicateEmail}</arg>
<doc>Types the given ``text`` into the text field identified by ``locator``.</doc>
<msg timestamp="20240419 00:37:53.346" level="INFO">Typing text 'testing01@gmail.com' into text field '//input[@id='validationCustom03']'.</msg>
<status status="PASS" starttime="20240419 00:37:53.346" endtime="20240419 00:37:53.485"/>
</kw>
<kw name="Input Text" library="SeleniumLibrary">
<arg>//div[@id='dob']/input[@type='text']</arg>
<arg>${BirthDate}</arg>
<doc>Types the given ``text`` into the text field identified by ``locator``.</doc>
<msg timestamp="20240419 00:37:53.485" level="INFO">Typing text '20040425' into text field '//div[@id='dob']/input[@type='text']'.</msg>
<status status="PASS" starttime="20240419 00:37:53.485" endtime="20240419 00:37:53.616"/>
</kw>
<kw name="Input Password" library="SeleniumLibrary">
<arg>//input[@id='validationCustom04']</arg>
<arg>${Password}</arg>
<doc>Types the given password into the text field identified by ``locator``.</doc>
<msg timestamp="20240419 00:37:53.616" level="INFO">Typing password into text field '//input[@id='validationCustom04']'.</msg>
<msg timestamp="20240419 00:37:53.650" level="INFO">Temporally setting log level to: NONE</msg>
<msg timestamp="20240419 00:37:53.731" level="INFO">Log level changed from NONE to INFO.</msg>
<status status="PASS" starttime="20240419 00:37:53.616" endtime="20240419 00:37:53.731"/>
</kw>
<kw name="Wait Until Element Is Visible" library="SeleniumLibrary">
<arg>//input[@id='validationCustom04']</arg>
<doc>Waits until the element ``locator`` is visible.</doc>
<status status="PASS" starttime="20240419 00:37:53.731" endtime="20240419 00:37:53.755"/>
</kw>
<kw name="Input Password" library="SeleniumLibrary">
<arg>//input[@id='validationCustom05']</arg>
<arg>${ConfirmPass}</arg>
<doc>Types the given password into the text field identified by ``locator``.</doc>
<msg timestamp="20240419 00:37:53.755" level="INFO">Typing password into text field '//input[@id='validationCustom05']'.</msg>
<msg timestamp="20240419 00:37:53.807" level="INFO">Temporally setting log level to: NONE</msg>
<msg timestamp="20240419 00:37:53.879" level="INFO">Log level changed from NONE to INFO.</msg>
<status status="PASS" starttime="20240419 00:37:53.755" endtime="20240419 00:37:53.879"/>
</kw>
<kw name="Accept TnC">
<kw name="Scroll Element Into View" library="SeleniumLibrary">
<arg>xpath=//button[@type='submit']</arg>
<doc>Scrolls the element identified by ``locator`` into view.</doc>
<status status="PASS" starttime="20240419 00:37:53.879" endtime="20240419 00:37:54.187"/>
</kw>
<kw name="Click Element" library="SeleniumLibrary">
<arg>//input[@type='checkbox']</arg>
<doc>Click the element identified by ``locator``.</doc>
<msg timestamp="20240419 00:37:54.188" level="INFO">Clicking element '//input[@type='checkbox']'.</msg>
<status status="PASS" starttime="20240419 00:37:54.188" endtime="20240419 00:37:54.239"/>
</kw>
<kw name="Wait Until Page Contains" library="SeleniumLibrary">
<arg>Terms and conditions</arg>
<doc>Waits until ``text`` appears on the current page.</doc>
<status status="PASS" starttime="20240419 00:37:54.239" endtime="20240419 00:37:54.263"/>
</kw>
<kw name="Wait Until Element Is Enabled" library="SeleniumLibrary">
<arg>xpath=//button[contains(.,'Accept')]</arg>
<doc>Waits until the element ``locator`` is enabled.</doc>
<status status="PASS" starttime="20240419 00:37:54.263" endtime="20240419 00:37:54.301"/>
</kw>
<kw name="Click Element" library="SeleniumLibrary">
<arg>xpath=//button[contains(.,'Accept')]</arg>
<doc>Click the element identified by ``locator``.</doc>
<msg timestamp="20240419 00:37:54.301" level="INFO">Clicking element 'xpath=//button[contains(.,'Accept')]'.</msg>
<status status="PASS" starttime="20240419 00:37:54.301" endtime="20240419 00:37:54.364"/>
</kw>
<kw name="Wait Until Page Contains" library="SeleniumLibrary">
<arg>Welcome back! Please select method to sign up</arg>
<doc>Waits until ``text`` appears on the current page.</doc>
<status status="PASS" starttime="20240419 00:37:54.365" endtime="20240419 00:37:54.375"/>
</kw>
<status status="PASS" starttime="20240419 00:37:53.879" endtime="20240419 00:37:54.375"/>
</kw>
<kw name="Scroll Element Into View" library="SeleniumLibrary">
<arg>xpath=//button[@type='submit']</arg>
<doc>Scrolls the element identified by ``locator`` into view.</doc>
<status status="PASS" starttime="20240419 00:37:54.375" endtime="20240419 00:37:54.676"/>
</kw>
<kw name="Click Element" library="SeleniumLibrary">
<arg>xpath=//button[@type='submit']</arg>
<doc>Click the element identified by ``locator``.</doc>
<msg timestamp="20240419 00:37:54.676" level="INFO">Clicking element 'xpath=//button[@type='submit']'.</msg>
<status status="PASS" starttime="20240419 00:37:54.676" endtime="20240419 00:37:54.731"/>
</kw>
<status status="PASS" starttime="20240419 00:37:53.146" endtime="20240419 00:37:54.731"/>
</kw>
<kw name="Verify SignUp Attempt with Duplicate Email">
<kw name="Wait Until Element Contains" library="SeleniumLibrary">
<var>${VerifyEmail}</var>
<arg>xpath=//div[contains(span[@class='alert-text'], 'Email already exists')]</arg>
<arg>Email already exists</arg>
<doc>Waits until the element ``locator`` contains ``text``.</doc>
<msg timestamp="20240419 00:37:56.030" level="INFO">${VerifyEmail} = None</msg>
<status status="PASS" starttime="20240419 00:37:54.731" endtime="20240419 00:37:56.030"/>
</kw>
<kw name="Run Keyword If" library="BuiltIn">
<arg>'${VerifyEmail}' == 'True'</arg>
<arg>Log</arg>
<arg>Passed. users cannot use an email that is already registered</arg>
<arg>ELSE</arg>
<arg>Log</arg>
<arg>Failed. users can use an email that is already registered</arg>
<doc>Runs the given keyword with the given arguments, if ``condition`` is true.</doc>
<kw name="Log" library="BuiltIn">
<arg>Failed. users can use an email that is already registered</arg>
<doc>Logs the given message with the given level.</doc>
<msg timestamp="20240419 00:37:56.030" level="INFO">Failed. users can use an email that is already registered</msg>
<status status="PASS" starttime="20240419 00:37:56.030" endtime="20240419 00:37:56.030"/>
</kw>
<status status="PASS" starttime="20240419 00:37:56.030" endtime="20240419 00:37:56.030"/>
</kw>
<kw name="Page Should Contain Element" library="SeleniumLibrary">
<arg>xpath=//div[contains(span[@class='alert-text'], 'Email already exists')]</arg>
<doc>Verifies that element ``locator`` is found on the current page.</doc>
<msg timestamp="20240419 00:37:56.042" level="INFO">Current page contains element 'xpath=//div[contains(span[@class='alert-text'], 'Email already exists')]'.</msg>
<status status="PASS" starttime="20240419 00:37:56.030" endtime="20240419 00:37:56.042"/>
</kw>
<status status="PASS" starttime="20240419 00:37:54.731" endtime="20240419 00:37:56.042"/>
</kw>
<kw name="Sleep" library="BuiltIn">
<arg>1s</arg>
<doc>Pauses the test executed for the given time.</doc>
<msg timestamp="20240419 00:37:57.046" level="INFO">Slept 1 second</msg>
<status status="PASS" starttime="20240419 00:37:56.042" endtime="20240419 00:37:57.046"/>
</kw>
<kw name="Do Screenshot">
<kw name="Get Current Date" library="DateTime">
<var>${timestamp}</var>
<arg>result_format=%d%m%Y_%H%M%S</arg>
<doc>Returns current local or UTC time with an optional increment.</doc>
<msg timestamp="20240419 00:37:57.046" level="INFO">${timestamp} = 19042024_003757</msg>
<status status="PASS" starttime="20240419 00:37:57.046" endtime="20240419 00:37:57.046"/>
</kw>
<kw name="Set Variable" library="BuiltIn">
<var>${screenshot_path}</var>
<arg>\images</arg>
<doc>Returns the given values which can then be assigned to a variables.</doc>
<msg timestamp="20240419 00:37:57.046" level="INFO">${screenshot_path} = images</msg>
<status status="PASS" starttime="20240419 00:37:57.046" endtime="20240419 00:37:57.046"/>
</kw>
<kw name="Set Variable" library="BuiltIn">
<var>${screenshot_filename}</var>
<arg>screenshot_${timestamp}.png</arg>
<doc>Returns the given values which can then be assigned to a variables.</doc>
<msg timestamp="20240419 00:37:57.046" level="INFO">${screenshot_filename} = screenshot_19042024_003757.png</msg>
<status status="PASS" starttime="20240419 00:37:57.046" endtime="20240419 00:37:57.046"/>
</kw>
<kw name="Set Screenshot Directory" library="SeleniumLibrary">
<arg>${screenshot_path}</arg>
<doc>Sets the directory for captured screenshots.</doc>
<status status="PASS" starttime="20240419 00:37:57.046" endtime="20240419 00:37:57.046"/>
</kw>
<kw name="Capture Page Screenshot" library="SeleniumLibrary">
<arg>${screenshot_filename}</arg>
<doc>Takes a screenshot of the current page and embeds it into a log file.</doc>
<msg timestamp="20240419 00:37:57.046" level="WARN">Keyword 'Capture Page Screenshot' could not be run on failure: Message: no such window: target window already closed
from unknown error: web view not found
  (Session info: chrome=123.0.6312.124)
Stacktrace:
	GetHandleVerifier [0x00007FF763BC7032+63090]
	(No symbol) [0x00007FF763B32C82]
	(No symbol) [0x00007FF7639CEC65]
	(No symbol) [0x00007FF7639ACA7C]
	(No symbol) [0x00007FF763A3D687]
	(No symbol) [0x00007FF763A52AC1]
	(No symbol) [0x00007FF763A36D83]
	(No symbol) [0x00007FF763A083A8]
	(No symbol) [0x00007FF763A09441]
	GetHandleVerifier [0x00007FF763FC25AD+4238317]
	GetHandleVerifier [0x00007FF763FFF70D+4488525]
	GetHandleVerifier [0x00007FF763FF79EF+4456495]
	GetHandleVerifier [0x00007FF763CA0576+953270]
	(No symbol) [0x00007FF763B3E54F]
	(No symbol) [0x00007FF763B39224]
	(No symbol) [0x00007FF763B3935B]
	(No symbol) [0x00007FF763B29B94]
	BaseThreadInitThunk [0x00007FFF46DB257D+29]
	RtlUserThreadStart [0x00007FFF479AAA48+40]
</msg>
<msg timestamp="20240419 00:37:57.046" level="FAIL">NoSuchWindowException: Message: no such window: target window already closed
from unknown error: web view not found
  (Session info: chrome=123.0.6312.124)
Stacktrace:
	GetHandleVerifier [0x00007FF763BC7032+63090]
	(No symbol) [0x00007FF763B32C82]
	(No symbol) [0x00007FF7639CEC65]
	(No symbol) [0x00007FF7639ACA7C]
	(No symbol) [0x00007FF763A3D687]
	(No symbol) [0x00007FF763A52AC1]
	(No symbol) [0x00007FF763A36D83]
	(No symbol) [0x00007FF763A083A8]
	(No symbol) [0x00007FF763A09441]
	GetHandleVerifier [0x00007FF763FC25AD+4238317]
	GetHandleVerifier [0x00007FF763FFF70D+4488525]
	GetHandleVerifier [0x00007FF763FF79EF+4456495]
	GetHandleVerifier [0x00007FF763CA0576+953270]
	(No symbol) [0x00007FF763B3E54F]
	(No symbol) [0x00007FF763B39224]
	(No symbol) [0x00007FF763B3935B]
	(No symbol) [0x00007FF763B29B94]
	BaseThreadInitThunk [0x00007FFF46DB257D+29]
	RtlUserThreadStart [0x00007FFF479AAA48+40]
</msg>
<status status="FAIL" starttime="20240419 00:37:57.046" endtime="20240419 00:37:57.098"/>
</kw>
<status status="FAIL" starttime="20240419 00:37:57.046" endtime="20240419 00:37:57.098"/>
</kw>
<kw name="Reload Page" library="SeleniumLibrary">
<doc>Simulates user reloading page.</doc>
<status status="NOT RUN" starttime="20240419 00:37:57.098" endtime="20240419 00:37:57.098"/>
</kw>
<status status="FAIL" starttime="20240419 00:37:52.775" endtime="20240419 00:37:57.098">NoSuchWindowException: Message: no such window: target window already closed
from unknown error: web view not found
  (Session info: chrome=123.0.6312.124)
Stacktrace:
	GetHandleVerifier [0x00007FF763BC7032+63090]
	(No symbol) [0x00007FF763B32C82]
	(No symbol) [0x00007FF7639CEC65]
	(No symbol) [0x00007FF7639ACA7C]
	(No symbol) [0x00007FF763A3D687]
	(No symbol) [0x00007FF763A52AC1]
	(No symbol) [0x00007FF763A36D83]
	(No symbol) [0x00007FF763A083A8]
	(No symbol) [0x00007FF763A09441]
	GetHandleVerifier [0x00007FF763FC25AD+4238317]
	GetHandleVerifier [0x00007FF763FFF70D+4488525]
	GetHandleVerifier [0x00007FF763FF79EF+4456495]
	GetHandleVerifier [0x00007FF763CA0576+953270]
	(No symbol) [0x00007FF763B3E54F]
	(No symbol) [0x00007FF763B39224]
	(No symbol) [0x00007FF763B3935B]
	(No symbol) [0x00007FF763B29B94]
	BaseThreadInitThunk [0x00007FFF46DB257D+29]
	RtlUserThreadStart [0x00007FFF479AAA48+40]
</status>
</test>
<test id="s1-t5" name="SignUp Attempt with Age Below 13 Years" line="51">
<kw name="Reload Page" library="SeleniumLibrary">
<doc>Simulates user reloading page.</doc>
<msg timestamp="20240419 00:37:57.115" level="WARN">Keyword 'Capture Page Screenshot' could not be run on failure: Message: no such window: target window already closed
from unknown error: web view not found
  (Session info: chrome=123.0.6312.124)
Stacktrace:
	GetHandleVerifier [0x00007FF763BC7032+63090]
	(No symbol) [0x00007FF763B32C82]
	(No symbol) [0x00007FF7639CEC65]
	(No symbol) [0x00007FF7639ACA7C]
	(No symbol) [0x00007FF763A3D687]
	(No symbol) [0x00007FF763A52AC1]
	(No symbol) [0x00007FF763A36D83]
	(No symbol) [0x00007FF763A083A8]
	(No symbol) [0x00007FF763A09441]
	GetHandleVerifier [0x00007FF763FC25AD+4238317]
	GetHandleVerifier [0x00007FF763FFF70D+4488525]
	GetHandleVerifier [0x00007FF763FF79EF+4456495]
	GetHandleVerifier [0x00007FF763CA0576+953270]
	(No symbol) [0x00007FF763B3E54F]
	(No symbol) [0x00007FF763B39224]
	(No symbol) [0x00007FF763B3935B]
	(No symbol) [0x00007FF763B29B94]
	BaseThreadInitThunk [0x00007FFF46DB257D+29]
	RtlUserThreadStart [0x00007FFF479AAA48+40]
</msg>
<msg timestamp="20240419 00:37:57.117" level="FAIL">NoSuchWindowException: Message: no such window: target window already closed
from unknown error: web view not found
  (Session info: chrome=123.0.6312.124)
Stacktrace:
	GetHandleVerifier [0x00007FF763BC7032+63090]
	(No symbol) [0x00007FF763B32C82]
	(No symbol) [0x00007FF7639CEC65]
	(No symbol) [0x00007FF7639ACA7C]
	(No symbol) [0x00007FF763A3D687]
	(No symbol) [0x00007FF763A52AC1]
	(No symbol) [0x00007FF763A36D83]
	(No symbol) [0x00007FF763A083A8]
	(No symbol) [0x00007FF763A09441]
	GetHandleVerifier [0x00007FF763FC25AD+4238317]
	GetHandleVerifier [0x00007FF763FFF70D+4488525]
	GetHandleVerifier [0x00007FF763FF79EF+4456495]
	GetHandleVerifier [0x00007FF763CA0576+953270]
	(No symbol) [0x00007FF763B3E54F]
	(No symbol) [0x00007FF763B39224]
	(No symbol) [0x00007FF763B3935B]
	(No symbol) [0x00007FF763B29B94]
	BaseThreadInitThunk [0x00007FFF46DB257D+29]
	RtlUserThreadStart [0x00007FFF479AAA48+40]
</msg>
<status status="FAIL" starttime="20240419 00:37:57.105" endtime="20240419 00:37:57.124"/>
</kw>
<kw name="Do signUp with Age Below 13 Years">
<status status="NOT RUN" starttime="20240419 00:37:57.125" endtime="20240419 00:37:57.125"/>
</kw>
<kw name="Do Screenshot">
<status status="NOT RUN" starttime="20240419 00:37:57.125" endtime="20240419 00:37:57.125"/>
</kw>
<status status="FAIL" starttime="20240419 00:37:57.103" endtime="20240419 00:37:57.125">NoSuchWindowException: Message: no such window: target window already closed
from unknown error: web view not found
  (Session info: chrome=123.0.6312.124)
Stacktrace:
	GetHandleVerifier [0x00007FF763BC7032+63090]
	(No symbol) [0x00007FF763B32C82]
	(No symbol) [0x00007FF7639CEC65]
	(No symbol) [0x00007FF7639ACA7C]
	(No symbol) [0x00007FF763A3D687]
	(No symbol) [0x00007FF763A52AC1]
	(No symbol) [0x00007FF763A36D83]
	(No symbol) [0x00007FF763A083A8]
	(No symbol) [0x00007FF763A09441]
	GetHandleVerifier [0x00007FF763FC25AD+4238317]
	GetHandleVerifier [0x00007FF763FFF70D+4488525]
	GetHandleVerifier [0x00007FF763FF79EF+4456495]
	GetHandleVerifier [0x00007FF763CA0576+953270]
	(No symbol) [0x00007FF763B3E54F]
	(No symbol) [0x00007FF763B39224]
	(No symbol) [0x00007FF763B3935B]
	(No symbol) [0x00007FF763B29B94]
	BaseThreadInitThunk [0x00007FFF46DB257D+29]
	RtlUserThreadStart [0x00007FFF479AAA48+40]
</status>
</test>
<test id="s1-t6" name="SignUp Attempt without entering password" line="56">
<kw name="Reload Page" library="SeleniumLibrary">
<doc>Simulates user reloading page.</doc>
<msg timestamp="20240419 00:37:57.140" level="WARN">Keyword 'Capture Page Screenshot' could not be run on failure: Message: no such window: target window already closed
from unknown error: web view not found
  (Session info: chrome=123.0.6312.124)
Stacktrace:
	GetHandleVerifier [0x00007FF763BC7032+63090]
	(No symbol) [0x00007FF763B32C82]
	(No symbol) [0x00007FF7639CEC65]
	(No symbol) [0x00007FF7639ACA7C]
	(No symbol) [0x00007FF763A3D687]
	(No symbol) [0x00007FF763A52AC1]
	(No symbol) [0x00007FF763A36D83]
	(No symbol) [0x00007FF763A083A8]
	(No symbol) [0x00007FF763A09441]
	GetHandleVerifier [0x00007FF763FC25AD+4238317]
	GetHandleVerifier [0x00007FF763FFF70D+4488525]
	GetHandleVerifier [0x00007FF763FF79EF+4456495]
	GetHandleVerifier [0x00007FF763CA0576+953270]
	(No symbol) [0x00007FF763B3E54F]
	(No symbol) [0x00007FF763B39224]
	(No symbol) [0x00007FF763B3935B]
	(No symbol) [0x00007FF763B29B94]
	BaseThreadInitThunk [0x00007FFF46DB257D+29]
	RtlUserThreadStart [0x00007FFF479AAA48+40]
</msg>
<msg timestamp="20240419 00:37:57.140" level="FAIL">NoSuchWindowException: Message: no such window: target window already closed
from unknown error: web view not found
  (Session info: chrome=123.0.6312.124)
Stacktrace:
	GetHandleVerifier [0x00007FF763BC7032+63090]
	(No symbol) [0x00007FF763B32C82]
	(No symbol) [0x00007FF7639CEC65]
	(No symbol) [0x00007FF7639ACA7C]
	(No symbol) [0x00007FF763A3D687]
	(No symbol) [0x00007FF763A52AC1]
	(No symbol) [0x00007FF763A36D83]
	(No symbol) [0x00007FF763A083A8]
	(No symbol) [0x00007FF763A09441]
	GetHandleVerifier [0x00007FF763FC25AD+4238317]
	GetHandleVerifier [0x00007FF763FFF70D+4488525]
	GetHandleVerifier [0x00007FF763FF79EF+4456495]
	GetHandleVerifier [0x00007FF763CA0576+953270]
	(No symbol) [0x00007FF763B3E54F]
	(No symbol) [0x00007FF763B39224]
	(No symbol) [0x00007FF763B3935B]
	(No symbol) [0x00007FF763B29B94]
	BaseThreadInitThunk [0x00007FFF46DB257D+29]
	RtlUserThreadStart [0x00007FFF479AAA48+40]
</msg>
<status status="FAIL" starttime="20240419 00:37:57.134" endtime="20240419 00:37:57.140"/>
</kw>
<kw name="Do SignUp without entering password">
<status status="NOT RUN" starttime="20240419 00:37:57.140" endtime="20240419 00:37:57.140"/>
</kw>
<kw name="Do Screenshot">
<status status="NOT RUN" starttime="20240419 00:37:57.148" endtime="20240419 00:37:57.148"/>
</kw>
<status status="FAIL" starttime="20240419 00:37:57.132" endtime="20240419 00:37:57.148">NoSuchWindowException: Message: no such window: target window already closed
from unknown error: web view not found
  (Session info: chrome=123.0.6312.124)
Stacktrace:
	GetHandleVerifier [0x00007FF763BC7032+63090]
	(No symbol) [0x00007FF763B32C82]
	(No symbol) [0x00007FF7639CEC65]
	(No symbol) [0x00007FF7639ACA7C]
	(No symbol) [0x00007FF763A3D687]
	(No symbol) [0x00007FF763A52AC1]
	(No symbol) [0x00007FF763A36D83]
	(No symbol) [0x00007FF763A083A8]
	(No symbol) [0x00007FF763A09441]
	GetHandleVerifier [0x00007FF763FC25AD+4238317]
	GetHandleVerifier [0x00007FF763FFF70D+4488525]
	GetHandleVerifier [0x00007FF763FF79EF+4456495]
	GetHandleVerifier [0x00007FF763CA0576+953270]
	(No symbol) [0x00007FF763B3E54F]
	(No symbol) [0x00007FF763B39224]
	(No symbol) [0x00007FF763B3935B]
	(No symbol) [0x00007FF763B29B94]
	BaseThreadInitThunk [0x00007FFF46DB257D+29]
	RtlUserThreadStart [0x00007FFF479AAA48+40]
</status>
</test>
<test id="s1-t7" name="SignUp Attempt without entering confirmPass" line="61">
<kw name="Reload Page" library="SeleniumLibrary">
<doc>Simulates user reloading page.</doc>
<msg timestamp="20240419 00:37:57.158" level="WARN">Keyword 'Capture Page Screenshot' could not be run on failure: Message: no such window: target window already closed
from unknown error: web view not found
  (Session info: chrome=123.0.6312.124)
Stacktrace:
	GetHandleVerifier [0x00007FF763BC7032+63090]
	(No symbol) [0x00007FF763B32C82]
	(No symbol) [0x00007FF7639CEC65]
	(No symbol) [0x00007FF7639ACA7C]
	(No symbol) [0x00007FF763A3D687]
	(No symbol) [0x00007FF763A52AC1]
	(No symbol) [0x00007FF763A36D83]
	(No symbol) [0x00007FF763A083A8]
	(No symbol) [0x00007FF763A09441]
	GetHandleVerifier [0x00007FF763FC25AD+4238317]
	GetHandleVerifier [0x00007FF763FFF70D+4488525]
	GetHandleVerifier [0x00007FF763FF79EF+4456495]
	GetHandleVerifier [0x00007FF763CA0576+953270]
	(No symbol) [0x00007FF763B3E54F]
	(No symbol) [0x00007FF763B39224]
	(No symbol) [0x00007FF763B3935B]
	(No symbol) [0x00007FF763B29B94]
	BaseThreadInitThunk [0x00007FFF46DB257D+29]
	RtlUserThreadStart [0x00007FFF479AAA48+40]
</msg>
<msg timestamp="20240419 00:37:57.158" level="FAIL">NoSuchWindowException: Message: no such window: target window already closed
from unknown error: web view not found
  (Session info: chrome=123.0.6312.124)
Stacktrace:
	GetHandleVerifier [0x00007FF763BC7032+63090]
	(No symbol) [0x00007FF763B32C82]
	(No symbol) [0x00007FF7639CEC65]
	(No symbol) [0x00007FF7639ACA7C]
	(No symbol) [0x00007FF763A3D687]
	(No symbol) [0x00007FF763A52AC1]
	(No symbol) [0x00007FF763A36D83]
	(No symbol) [0x00007FF763A083A8]
	(No symbol) [0x00007FF763A09441]
	GetHandleVerifier [0x00007FF763FC25AD+4238317]
	GetHandleVerifier [0x00007FF763FFF70D+4488525]
	GetHandleVerifier [0x00007FF763FF79EF+4456495]
	GetHandleVerifier [0x00007FF763CA0576+953270]
	(No symbol) [0x00007FF763B3E54F]
	(No symbol) [0x00007FF763B39224]
	(No symbol) [0x00007FF763B3935B]
	(No symbol) [0x00007FF763B29B94]
	BaseThreadInitThunk [0x00007FFF46DB257D+29]
	RtlUserThreadStart [0x00007FFF479AAA48+40]
</msg>
<status status="FAIL" starttime="20240419 00:37:57.156" endtime="20240419 00:37:57.158"/>
</kw>
<kw name="Do SignUp without entering confirmPass">
<status status="NOT RUN" starttime="20240419 00:37:57.158" endtime="20240419 00:37:57.158"/>
</kw>
<kw name="Do Screenshot">
<status status="NOT RUN" starttime="20240419 00:37:57.158" endtime="20240419 00:37:57.158"/>
</kw>
<status status="FAIL" starttime="20240419 00:37:57.155" endtime="20240419 00:37:57.158">NoSuchWindowException: Message: no such window: target window already closed
from unknown error: web view not found
  (Session info: chrome=123.0.6312.124)
Stacktrace:
	GetHandleVerifier [0x00007FF763BC7032+63090]
	(No symbol) [0x00007FF763B32C82]
	(No symbol) [0x00007FF7639CEC65]
	(No symbol) [0x00007FF7639ACA7C]
	(No symbol) [0x00007FF763A3D687]
	(No symbol) [0x00007FF763A52AC1]
	(No symbol) [0x00007FF763A36D83]
	(No symbol) [0x00007FF763A083A8]
	(No symbol) [0x00007FF763A09441]
	GetHandleVerifier [0x00007FF763FC25AD+4238317]
	GetHandleVerifier [0x00007FF763FFF70D+4488525]
	GetHandleVerifier [0x00007FF763FF79EF+4456495]
	GetHandleVerifier [0x00007FF763CA0576+953270]
	(No symbol) [0x00007FF763B3E54F]
	(No symbol) [0x00007FF763B39224]
	(No symbol) [0x00007FF763B3935B]
	(No symbol) [0x00007FF763B29B94]
	BaseThreadInitThunk [0x00007FFF46DB257D+29]
	RtlUserThreadStart [0x00007FFF479AAA48+40]
</status>
</test>
<test id="s1-t8" name="SignUp Attempt with Password Missing Symbols" line="66">
<kw name="Reload Page" library="SeleniumLibrary">
<doc>Simulates user reloading page.</doc>
<msg timestamp="20240419 00:37:57.183" level="WARN">Keyword 'Capture Page Screenshot' could not be run on failure: Message: no such window: target window already closed
from unknown error: web view not found
  (Session info: chrome=123.0.6312.124)
Stacktrace:
	GetHandleVerifier [0x00007FF763BC7032+63090]
	(No symbol) [0x00007FF763B32C82]
	(No symbol) [0x00007FF7639CEC65]
	(No symbol) [0x00007FF7639ACA7C]
	(No symbol) [0x00007FF763A3D687]
	(No symbol) [0x00007FF763A52AC1]
	(No symbol) [0x00007FF763A36D83]
	(No symbol) [0x00007FF763A083A8]
	(No symbol) [0x00007FF763A09441]
	GetHandleVerifier [0x00007FF763FC25AD+4238317]
	GetHandleVerifier [0x00007FF763FFF70D+4488525]
	GetHandleVerifier [0x00007FF763FF79EF+4456495]
	GetHandleVerifier [0x00007FF763CA0576+953270]
	(No symbol) [0x00007FF763B3E54F]
	(No symbol) [0x00007FF763B39224]
	(No symbol) [0x00007FF763B3935B]
	(No symbol) [0x00007FF763B29B94]
	BaseThreadInitThunk [0x00007FFF46DB257D+29]
	RtlUserThreadStart [0x00007FFF479AAA48+40]
</msg>
<msg timestamp="20240419 00:37:57.187" level="FAIL">NoSuchWindowException: Message: no such window: target window already closed
from unknown error: web view not found
  (Session info: chrome=123.0.6312.124)
Stacktrace:
	GetHandleVerifier [0x00007FF763BC7032+63090]
	(No symbol) [0x00007FF763B32C82]
	(No symbol) [0x00007FF7639CEC65]
	(No symbol) [0x00007FF7639ACA7C]
	(No symbol) [0x00007FF763A3D687]
	(No symbol) [0x00007FF763A52AC1]
	(No symbol) [0x00007FF763A36D83]
	(No symbol) [0x00007FF763A083A8]
	(No symbol) [0x00007FF763A09441]
	GetHandleVerifier [0x00007FF763FC25AD+4238317]
	GetHandleVerifier [0x00007FF763FFF70D+4488525]
	GetHandleVerifier [0x00007FF763FF79EF+4456495]
	GetHandleVerifier [0x00007FF763CA0576+953270]
	(No symbol) [0x00007FF763B3E54F]
	(No symbol) [0x00007FF763B39224]
	(No symbol) [0x00007FF763B3935B]
	(No symbol) [0x00007FF763B29B94]
	BaseThreadInitThunk [0x00007FFF46DB257D+29]
	RtlUserThreadStart [0x00007FFF479AAA48+40]
</msg>
<status status="FAIL" starttime="20240419 00:37:57.172" endtime="20240419 00:37:57.188"/>
</kw>
<kw name="Do SignUp with Password Missing Symbols">
<status status="NOT RUN" starttime="20240419 00:37:57.188" endtime="20240419 00:37:57.188"/>
</kw>
<kw name="Do Screenshot">
<status status="NOT RUN" starttime="20240419 00:37:57.188" endtime="20240419 00:37:57.188"/>
</kw>
<status status="FAIL" starttime="20240419 00:37:57.172" endtime="20240419 00:37:57.188">NoSuchWindowException: Message: no such window: target window already closed
from unknown error: web view not found
  (Session info: chrome=123.0.6312.124)
Stacktrace:
	GetHandleVerifier [0x00007FF763BC7032+63090]
	(No symbol) [0x00007FF763B32C82]
	(No symbol) [0x00007FF7639CEC65]
	(No symbol) [0x00007FF7639ACA7C]
	(No symbol) [0x00007FF763A3D687]
	(No symbol) [0x00007FF763A52AC1]
	(No symbol) [0x00007FF763A36D83]
	(No symbol) [0x00007FF763A083A8]
	(No symbol) [0x00007FF763A09441]
	GetHandleVerifier [0x00007FF763FC25AD+4238317]
	GetHandleVerifier [0x00007FF763FFF70D+4488525]
	GetHandleVerifier [0x00007FF763FF79EF+4456495]
	GetHandleVerifier [0x00007FF763CA0576+953270]
	(No symbol) [0x00007FF763B3E54F]
	(No symbol) [0x00007FF763B39224]
	(No symbol) [0x00007FF763B3935B]
	(No symbol) [0x00007FF763B29B94]
	BaseThreadInitThunk [0x00007FFF46DB257D+29]
	RtlUserThreadStart [0x00007FFF479AAA48+40]
</status>
</test>
<test id="s1-t9" name="SignUp Attempt with Password Missing Letters" line="71">
<kw name="Reload Page" library="SeleniumLibrary">
<doc>Simulates user reloading page.</doc>
<msg timestamp="20240419 00:37:57.202" level="WARN">Keyword 'Capture Page Screenshot' could not be run on failure: Message: no such window: target window already closed
from unknown error: web view not found
  (Session info: chrome=123.0.6312.124)
Stacktrace:
	GetHandleVerifier [0x00007FF763BC7032+63090]
	(No symbol) [0x00007FF763B32C82]
	(No symbol) [0x00007FF7639CEC65]
	(No symbol) [0x00007FF7639ACA7C]
	(No symbol) [0x00007FF763A3D687]
	(No symbol) [0x00007FF763A52AC1]
	(No symbol) [0x00007FF763A36D83]
	(No symbol) [0x00007FF763A083A8]
	(No symbol) [0x00007FF763A09441]
	GetHandleVerifier [0x00007FF763FC25AD+4238317]
	GetHandleVerifier [0x00007FF763FFF70D+4488525]
	GetHandleVerifier [0x00007FF763FF79EF+4456495]
	GetHandleVerifier [0x00007FF763CA0576+953270]
	(No symbol) [0x00007FF763B3E54F]
	(No symbol) [0x00007FF763B39224]
	(No symbol) [0x00007FF763B3935B]
	(No symbol) [0x00007FF763B29B94]
	BaseThreadInitThunk [0x00007FFF46DB257D+29]
	RtlUserThreadStart [0x00007FFF479AAA48+40]
</msg>
<msg timestamp="20240419 00:37:57.206" level="FAIL">NoSuchWindowException: Message: no such window: target window already closed
from unknown error: web view not found
  (Session info: chrome=123.0.6312.124)
Stacktrace:
	GetHandleVerifier [0x00007FF763BC7032+63090]
	(No symbol) [0x00007FF763B32C82]
	(No symbol) [0x00007FF7639CEC65]
	(No symbol) [0x00007FF7639ACA7C]
	(No symbol) [0x00007FF763A3D687]
	(No symbol) [0x00007FF763A52AC1]
	(No symbol) [0x00007FF763A36D83]
	(No symbol) [0x00007FF763A083A8]
	(No symbol) [0x00007FF763A09441]
	GetHandleVerifier [0x00007FF763FC25AD+4238317]
	GetHandleVerifier [0x00007FF763FFF70D+4488525]
	GetHandleVerifier [0x00007FF763FF79EF+4456495]
	GetHandleVerifier [0x00007FF763CA0576+953270]
	(No symbol) [0x00007FF763B3E54F]
	(No symbol) [0x00007FF763B39224]
	(No symbol) [0x00007FF763B3935B]
	(No symbol) [0x00007FF763B29B94]
	BaseThreadInitThunk [0x00007FFF46DB257D+29]
	RtlUserThreadStart [0x00007FFF479AAA48+40]
</msg>
<status status="FAIL" starttime="20240419 00:37:57.192" endtime="20240419 00:37:57.206"/>
</kw>
<kw name="Do SignUp with Password Missing Letters">
<status status="NOT RUN" starttime="20240419 00:37:57.206" endtime="20240419 00:37:57.206"/>
</kw>
<kw name="Do Screenshot">
<status status="NOT RUN" starttime="20240419 00:37:57.206" endtime="20240419 00:37:57.206"/>
</kw>
<status status="FAIL" starttime="20240419 00:37:57.192" endtime="20240419 00:37:57.206">NoSuchWindowException: Message: no such window: target window already closed
from unknown error: web view not found
  (Session info: chrome=123.0.6312.124)
Stacktrace:
	GetHandleVerifier [0x00007FF763BC7032+63090]
	(No symbol) [0x00007FF763B32C82]
	(No symbol) [0x00007FF7639CEC65]
	(No symbol) [0x00007FF7639ACA7C]
	(No symbol) [0x00007FF763A3D687]
	(No symbol) [0x00007FF763A52AC1]
	(No symbol) [0x00007FF763A36D83]
	(No symbol) [0x00007FF763A083A8]
	(No symbol) [0x00007FF763A09441]
	GetHandleVerifier [0x00007FF763FC25AD+4238317]
	GetHandleVerifier [0x00007FF763FFF70D+4488525]
	GetHandleVerifier [0x00007FF763FF79EF+4456495]
	GetHandleVerifier [0x00007FF763CA0576+953270]
	(No symbol) [0x00007FF763B3E54F]
	(No symbol) [0x00007FF763B39224]
	(No symbol) [0x00007FF763B3935B]
	(No symbol) [0x00007FF763B29B94]
	BaseThreadInitThunk [0x00007FFF46DB257D+29]
	RtlUserThreadStart [0x00007FFF479AAA48+40]
</status>
</test>
<test id="s1-t10" name="SignUp Attempt with Password Missing Numbers" line="76">
<kw name="Reload Page" library="SeleniumLibrary">
<doc>Simulates user reloading page.</doc>
<msg timestamp="20240419 00:37:57.219" level="WARN">Keyword 'Capture Page Screenshot' could not be run on failure: Message: no such window: target window already closed
from unknown error: web view not found
  (Session info: chrome=123.0.6312.124)
Stacktrace:
	GetHandleVerifier [0x00007FF763BC7032+63090]
	(No symbol) [0x00007FF763B32C82]
	(No symbol) [0x00007FF7639CEC65]
	(No symbol) [0x00007FF7639ACA7C]
	(No symbol) [0x00007FF763A3D687]
	(No symbol) [0x00007FF763A52AC1]
	(No symbol) [0x00007FF763A36D83]
	(No symbol) [0x00007FF763A083A8]
	(No symbol) [0x00007FF763A09441]
	GetHandleVerifier [0x00007FF763FC25AD+4238317]
	GetHandleVerifier [0x00007FF763FFF70D+4488525]
	GetHandleVerifier [0x00007FF763FF79EF+4456495]
	GetHandleVerifier [0x00007FF763CA0576+953270]
	(No symbol) [0x00007FF763B3E54F]
	(No symbol) [0x00007FF763B39224]
	(No symbol) [0x00007FF763B3935B]
	(No symbol) [0x00007FF763B29B94]
	BaseThreadInitThunk [0x00007FFF46DB257D+29]
	RtlUserThreadStart [0x00007FFF479AAA48+40]
</msg>
<msg timestamp="20240419 00:37:57.219" level="FAIL">NoSuchWindowException: Message: no such window: target window already closed
from unknown error: web view not found
  (Session info: chrome=123.0.6312.124)
Stacktrace:
	GetHandleVerifier [0x00007FF763BC7032+63090]
	(No symbol) [0x00007FF763B32C82]
	(No symbol) [0x00007FF7639CEC65]
	(No symbol) [0x00007FF7639ACA7C]
	(No symbol) [0x00007FF763A3D687]
	(No symbol) [0x00007FF763A52AC1]
	(No symbol) [0x00007FF763A36D83]
	(No symbol) [0x00007FF763A083A8]
	(No symbol) [0x00007FF763A09441]
	GetHandleVerifier [0x00007FF763FC25AD+4238317]
	GetHandleVerifier [0x00007FF763FFF70D+4488525]
	GetHandleVerifier [0x00007FF763FF79EF+4456495]
	GetHandleVerifier [0x00007FF763CA0576+953270]
	(No symbol) [0x00007FF763B3E54F]
	(No symbol) [0x00007FF763B39224]
	(No symbol) [0x00007FF763B3935B]
	(No symbol) [0x00007FF763B29B94]
	BaseThreadInitThunk [0x00007FFF46DB257D+29]
	RtlUserThreadStart [0x00007FFF479AAA48+40]
</msg>
<status status="FAIL" starttime="20240419 00:37:57.218" endtime="20240419 00:37:57.219"/>
</kw>
<kw name="Do SignUp with Password Missing Numbers">
<status status="NOT RUN" starttime="20240419 00:37:57.219" endtime="20240419 00:37:57.219"/>
</kw>
<kw name="Do Screenshot">
<status status="NOT RUN" starttime="20240419 00:37:57.219" endtime="20240419 00:37:57.219"/>
</kw>
<status status="FAIL" starttime="20240419 00:37:57.218" endtime="20240419 00:37:57.219">NoSuchWindowException: Message: no such window: target window already closed
from unknown error: web view not found
  (Session info: chrome=123.0.6312.124)
Stacktrace:
	GetHandleVerifier [0x00007FF763BC7032+63090]
	(No symbol) [0x00007FF763B32C82]
	(No symbol) [0x00007FF7639CEC65]
	(No symbol) [0x00007FF7639ACA7C]
	(No symbol) [0x00007FF763A3D687]
	(No symbol) [0x00007FF763A52AC1]
	(No symbol) [0x00007FF763A36D83]
	(No symbol) [0x00007FF763A083A8]
	(No symbol) [0x00007FF763A09441]
	GetHandleVerifier [0x00007FF763FC25AD+4238317]
	GetHandleVerifier [0x00007FF763FFF70D+4488525]
	GetHandleVerifier [0x00007FF763FF79EF+4456495]
	GetHandleVerifier [0x00007FF763CA0576+953270]
	(No symbol) [0x00007FF763B3E54F]
	(No symbol) [0x00007FF763B39224]
	(No symbol) [0x00007FF763B3935B]
	(No symbol) [0x00007FF763B29B94]
	BaseThreadInitThunk [0x00007FFF46DB257D+29]
	RtlUserThreadStart [0x00007FFF479AAA48+40]
</status>
</test>
<test id="s1-t11" name="SignUp Attempt with Password Less Than 8 Characters" line="81">
<kw name="Reload Page" library="SeleniumLibrary">
<doc>Simulates user reloading page.</doc>
<msg timestamp="20240419 00:37:57.234" level="WARN">Keyword 'Capture Page Screenshot' could not be run on failure: Message: no such window: target window already closed
from unknown error: web view not found
  (Session info: chrome=123.0.6312.124)
Stacktrace:
	GetHandleVerifier [0x00007FF763BC7032+63090]
	(No symbol) [0x00007FF763B32C82]
	(No symbol) [0x00007FF7639CEC65]
	(No symbol) [0x00007FF7639ACA7C]
	(No symbol) [0x00007FF763A3D687]
	(No symbol) [0x00007FF763A52AC1]
	(No symbol) [0x00007FF763A36D83]
	(No symbol) [0x00007FF763A083A8]
	(No symbol) [0x00007FF763A09441]
	GetHandleVerifier [0x00007FF763FC25AD+4238317]
	GetHandleVerifier [0x00007FF763FFF70D+4488525]
	GetHandleVerifier [0x00007FF763FF79EF+4456495]
	GetHandleVerifier [0x00007FF763CA0576+953270]
	(No symbol) [0x00007FF763B3E54F]
	(No symbol) [0x00007FF763B39224]
	(No symbol) [0x00007FF763B3935B]
	(No symbol) [0x00007FF763B29B94]
	BaseThreadInitThunk [0x00007FFF46DB257D+29]
	RtlUserThreadStart [0x00007FFF479AAA48+40]
</msg>
<msg timestamp="20240419 00:37:57.250" level="FAIL">NoSuchWindowException: Message: no such window: target window already closed
from unknown error: web view not found
  (Session info: chrome=123.0.6312.124)
Stacktrace:
	GetHandleVerifier [0x00007FF763BC7032+63090]
	(No symbol) [0x00007FF763B32C82]
	(No symbol) [0x00007FF7639CEC65]
	(No symbol) [0x00007FF7639ACA7C]
	(No symbol) [0x00007FF763A3D687]
	(No symbol) [0x00007FF763A52AC1]
	(No symbol) [0x00007FF763A36D83]
	(No symbol) [0x00007FF763A083A8]
	(No symbol) [0x00007FF763A09441]
	GetHandleVerifier [0x00007FF763FC25AD+4238317]
	GetHandleVerifier [0x00007FF763FFF70D+4488525]
	GetHandleVerifier [0x00007FF763FF79EF+4456495]
	GetHandleVerifier [0x00007FF763CA0576+953270]
	(No symbol) [0x00007FF763B3E54F]
	(No symbol) [0x00007FF763B39224]
	(No symbol) [0x00007FF763B3935B]
	(No symbol) [0x00007FF763B29B94]
	BaseThreadInitThunk [0x00007FFF46DB257D+29]
	RtlUserThreadStart [0x00007FFF479AAA48+40]
</msg>
<status status="FAIL" starttime="20240419 00:37:57.234" endtime="20240419 00:37:57.250"/>
</kw>
<kw name="Do SignUp with Password Less Than 8 Characters">
<status status="NOT RUN" starttime="20240419 00:37:57.250" endtime="20240419 00:37:57.250"/>
</kw>
<kw name="Do Screenshot">
<status status="NOT RUN" starttime="20240419 00:37:57.250" endtime="20240419 00:37:57.250"/>
</kw>
<status status="FAIL" starttime="20240419 00:37:57.234" endtime="20240419 00:37:57.250">NoSuchWindowException: Message: no such window: target window already closed
from unknown error: web view not found
  (Session info: chrome=123.0.6312.124)
Stacktrace:
	GetHandleVerifier [0x00007FF763BC7032+63090]
	(No symbol) [0x00007FF763B32C82]
	(No symbol) [0x00007FF7639CEC65]
	(No symbol) [0x00007FF7639ACA7C]
	(No symbol) [0x00007FF763A3D687]
	(No symbol) [0x00007FF763A52AC1]
	(No symbol) [0x00007FF763A36D83]
	(No symbol) [0x00007FF763A083A8]
	(No symbol) [0x00007FF763A09441]
	GetHandleVerifier [0x00007FF763FC25AD+4238317]
	GetHandleVerifier [0x00007FF763FFF70D+4488525]
	GetHandleVerifier [0x00007FF763FF79EF+4456495]
	GetHandleVerifier [0x00007FF763CA0576+953270]
	(No symbol) [0x00007FF763B3E54F]
	(No symbol) [0x00007FF763B39224]
	(No symbol) [0x00007FF763B3935B]
	(No symbol) [0x00007FF763B29B94]
	BaseThreadInitThunk [0x00007FFF46DB257D+29]
	RtlUserThreadStart [0x00007FFF479AAA48+40]
</status>
</test>
<test id="s1-t12" name="SignUp Attempt with Password Confirmation Mismatch" line="86">
<kw name="Reload Page" library="SeleniumLibrary">
<doc>Simulates user reloading page.</doc>
<msg timestamp="20240419 00:37:57.266" level="WARN">Keyword 'Capture Page Screenshot' could not be run on failure: Message: no such window: target window already closed
from unknown error: web view not found
  (Session info: chrome=123.0.6312.124)
Stacktrace:
	GetHandleVerifier [0x00007FF763BC7032+63090]
	(No symbol) [0x00007FF763B32C82]
	(No symbol) [0x00007FF7639CEC65]
	(No symbol) [0x00007FF7639ACA7C]
	(No symbol) [0x00007FF763A3D687]
	(No symbol) [0x00007FF763A52AC1]
	(No symbol) [0x00007FF763A36D83]
	(No symbol) [0x00007FF763A083A8]
	(No symbol) [0x00007FF763A09441]
	GetHandleVerifier [0x00007FF763FC25AD+4238317]
	GetHandleVerifier [0x00007FF763FFF70D+4488525]
	GetHandleVerifier [0x00007FF763FF79EF+4456495]
	GetHandleVerifier [0x00007FF763CA0576+953270]
	(No symbol) [0x00007FF763B3E54F]
	(No symbol) [0x00007FF763B39224]
	(No symbol) [0x00007FF763B3935B]
	(No symbol) [0x00007FF763B29B94]
	BaseThreadInitThunk [0x00007FFF46DB257D+29]
	RtlUserThreadStart [0x00007FFF479AAA48+40]
</msg>
<msg timestamp="20240419 00:37:57.266" level="FAIL">NoSuchWindowException: Message: no such window: target window already closed
from unknown error: web view not found
  (Session info: chrome=123.0.6312.124)
Stacktrace:
	GetHandleVerifier [0x00007FF763BC7032+63090]
	(No symbol) [0x00007FF763B32C82]
	(No symbol) [0x00007FF7639CEC65]
	(No symbol) [0x00007FF7639ACA7C]
	(No symbol) [0x00007FF763A3D687]
	(No symbol) [0x00007FF763A52AC1]
	(No symbol) [0x00007FF763A36D83]
	(No symbol) [0x00007FF763A083A8]
	(No symbol) [0x00007FF763A09441]
	GetHandleVerifier [0x00007FF763FC25AD+4238317]
	GetHandleVerifier [0x00007FF763FFF70D+4488525]
	GetHandleVerifier [0x00007FF763FF79EF+4456495]
	GetHandleVerifier [0x00007FF763CA0576+953270]
	(No symbol) [0x00007FF763B3E54F]
	(No symbol) [0x00007FF763B39224]
	(No symbol) [0x00007FF763B3935B]
	(No symbol) [0x00007FF763B29B94]
	BaseThreadInitThunk [0x00007FFF46DB257D+29]
	RtlUserThreadStart [0x00007FFF479AAA48+40]
</msg>
<status status="FAIL" starttime="20240419 00:37:57.258" endtime="20240419 00:37:57.266"/>
</kw>
<kw name="Do SignUp with Password Confirmation Mismatch">
<status status="NOT RUN" starttime="20240419 00:37:57.266" endtime="20240419 00:37:57.266"/>
</kw>
<kw name="Do Screenshot">
<status status="NOT RUN" starttime="20240419 00:37:57.266" endtime="20240419 00:37:57.266"/>
</kw>
<status status="FAIL" starttime="20240419 00:37:57.258" endtime="20240419 00:37:57.275">NoSuchWindowException: Message: no such window: target window already closed
from unknown error: web view not found
  (Session info: chrome=123.0.6312.124)
Stacktrace:
	GetHandleVerifier [0x00007FF763BC7032+63090]
	(No symbol) [0x00007FF763B32C82]
	(No symbol) [0x00007FF7639CEC65]
	(No symbol) [0x00007FF7639ACA7C]
	(No symbol) [0x00007FF763A3D687]
	(No symbol) [0x00007FF763A52AC1]
	(No symbol) [0x00007FF763A36D83]
	(No symbol) [0x00007FF763A083A8]
	(No symbol) [0x00007FF763A09441]
	GetHandleVerifier [0x00007FF763FC25AD+4238317]
	GetHandleVerifier [0x00007FF763FFF70D+4488525]
	GetHandleVerifier [0x00007FF763FF79EF+4456495]
	GetHandleVerifier [0x00007FF763CA0576+953270]
	(No symbol) [0x00007FF763B3E54F]
	(No symbol) [0x00007FF763B39224]
	(No symbol) [0x00007FF763B3935B]
	(No symbol) [0x00007FF763B29B94]
	BaseThreadInitThunk [0x00007FFF46DB257D+29]
	RtlUserThreadStart [0x00007FFF479AAA48+40]
</status>
</test>
<test id="s1-t13" name="SignUp Attempt without Accepting Terms and Conditions" line="91">
<kw name="Reload Page" library="SeleniumLibrary">
<doc>Simulates user reloading page.</doc>
<msg timestamp="20240419 00:37:57.282" level="WARN">Keyword 'Capture Page Screenshot' could not be run on failure: Message: no such window: target window already closed
from unknown error: web view not found
  (Session info: chrome=123.0.6312.124)
Stacktrace:
	GetHandleVerifier [0x00007FF763BC7032+63090]
	(No symbol) [0x00007FF763B32C82]
	(No symbol) [0x00007FF7639CEC65]
	(No symbol) [0x00007FF7639ACA7C]
	(No symbol) [0x00007FF763A3D687]
	(No symbol) [0x00007FF763A52AC1]
	(No symbol) [0x00007FF763A36D83]
	(No symbol) [0x00007FF763A083A8]
	(No symbol) [0x00007FF763A09441]
	GetHandleVerifier [0x00007FF763FC25AD+4238317]
	GetHandleVerifier [0x00007FF763FFF70D+4488525]
	GetHandleVerifier [0x00007FF763FF79EF+4456495]
	GetHandleVerifier [0x00007FF763CA0576+953270]
	(No symbol) [0x00007FF763B3E54F]
	(No symbol) [0x00007FF763B39224]
	(No symbol) [0x00007FF763B3935B]
	(No symbol) [0x00007FF763B29B94]
	BaseThreadInitThunk [0x00007FFF46DB257D+29]
	RtlUserThreadStart [0x00007FFF479AAA48+40]
</msg>
<msg timestamp="20240419 00:37:57.282" level="FAIL">NoSuchWindowException: Message: no such window: target window already closed
from unknown error: web view not found
  (Session info: chrome=123.0.6312.124)
Stacktrace:
	GetHandleVerifier [0x00007FF763BC7032+63090]
	(No symbol) [0x00007FF763B32C82]
	(No symbol) [0x00007FF7639CEC65]
	(No symbol) [0x00007FF7639ACA7C]
	(No symbol) [0x00007FF763A3D687]
	(No symbol) [0x00007FF763A52AC1]
	(No symbol) [0x00007FF763A36D83]
	(No symbol) [0x00007FF763A083A8]
	(No symbol) [0x00007FF763A09441]
	GetHandleVerifier [0x00007FF763FC25AD+4238317]
	GetHandleVerifier [0x00007FF763FFF70D+4488525]
	GetHandleVerifier [0x00007FF763FF79EF+4456495]
	GetHandleVerifier [0x00007FF763CA0576+953270]
	(No symbol) [0x00007FF763B3E54F]
	(No symbol) [0x00007FF763B39224]
	(No symbol) [0x00007FF763B3935B]
	(No symbol) [0x00007FF763B29B94]
	BaseThreadInitThunk [0x00007FFF46DB257D+29]
	RtlUserThreadStart [0x00007FFF479AAA48+40]
</msg>
<status status="FAIL" starttime="20240419 00:37:57.282" endtime="20240419 00:37:57.282"/>
</kw>
<kw name="Do SignUp without Accepting Terms and Conditions">
<status status="NOT RUN" starttime="20240419 00:37:57.282" endtime="20240419 00:37:57.282"/>
</kw>
<kw name="Do Screenshot">
<status status="NOT RUN" starttime="20240419 00:37:57.282" endtime="20240419 00:37:57.282"/>
</kw>
<status status="FAIL" starttime="20240419 00:37:57.275" endtime="20240419 00:37:57.282">NoSuchWindowException: Message: no such window: target window already closed
from unknown error: web view not found
  (Session info: chrome=123.0.6312.124)
Stacktrace:
	GetHandleVerifier [0x00007FF763BC7032+63090]
	(No symbol) [0x00007FF763B32C82]
	(No symbol) [0x00007FF7639CEC65]
	(No symbol) [0x00007FF7639ACA7C]
	(No symbol) [0x00007FF763A3D687]
	(No symbol) [0x00007FF763A52AC1]
	(No symbol) [0x00007FF763A36D83]
	(No symbol) [0x00007FF763A083A8]
	(No symbol) [0x00007FF763A09441]
	GetHandleVerifier [0x00007FF763FC25AD+4238317]
	GetHandleVerifier [0x00007FF763FFF70D+4488525]
	GetHandleVerifier [0x00007FF763FF79EF+4456495]
	GetHandleVerifier [0x00007FF763CA0576+953270]
	(No symbol) [0x00007FF763B3E54F]
	(No symbol) [0x00007FF763B39224]
	(No symbol) [0x00007FF763B3935B]
	(No symbol) [0x00007FF763B29B94]
	BaseThreadInitThunk [0x00007FFF46DB257D+29]
	RtlUserThreadStart [0x00007FFF479AAA48+40]
</status>
</test>
<test id="s1-t14" name="SignUp with correct credential" line="96">
<kw name="Reload Page" library="SeleniumLibrary">
<doc>Simulates user reloading page.</doc>
<msg timestamp="20240419 00:37:57.306" level="WARN">Keyword 'Capture Page Screenshot' could not be run on failure: Message: no such window: target window already closed
from unknown error: web view not found
  (Session info: chrome=123.0.6312.124)
Stacktrace:
	GetHandleVerifier [0x00007FF763BC7032+63090]
	(No symbol) [0x00007FF763B32C82]
	(No symbol) [0x00007FF7639CEC65]
	(No symbol) [0x00007FF7639ACA7C]
	(No symbol) [0x00007FF763A3D687]
	(No symbol) [0x00007FF763A52AC1]
	(No symbol) [0x00007FF763A36D83]
	(No symbol) [0x00007FF763A083A8]
	(No symbol) [0x00007FF763A09441]
	GetHandleVerifier [0x00007FF763FC25AD+4238317]
	GetHandleVerifier [0x00007FF763FFF70D+4488525]
	GetHandleVerifier [0x00007FF763FF79EF+4456495]
	GetHandleVerifier [0x00007FF763CA0576+953270]
	(No symbol) [0x00007FF763B3E54F]
	(No symbol) [0x00007FF763B39224]
	(No symbol) [0x00007FF763B3935B]
	(No symbol) [0x00007FF763B29B94]
	BaseThreadInitThunk [0x00007FFF46DB257D+29]
	RtlUserThreadStart [0x00007FFF479AAA48+40]
</msg>
<msg timestamp="20240419 00:37:57.306" level="FAIL">NoSuchWindowException: Message: no such window: target window already closed
from unknown error: web view not found
  (Session info: chrome=123.0.6312.124)
Stacktrace:
	GetHandleVerifier [0x00007FF763BC7032+63090]
	(No symbol) [0x00007FF763B32C82]
	(No symbol) [0x00007FF7639CEC65]
	(No symbol) [0x00007FF7639ACA7C]
	(No symbol) [0x00007FF763A3D687]
	(No symbol) [0x00007FF763A52AC1]
	(No symbol) [0x00007FF763A36D83]
	(No symbol) [0x00007FF763A083A8]
	(No symbol) [0x00007FF763A09441]
	GetHandleVerifier [0x00007FF763FC25AD+4238317]
	GetHandleVerifier [0x00007FF763FFF70D+4488525]
	GetHandleVerifier [0x00007FF763FF79EF+4456495]
	GetHandleVerifier [0x00007FF763CA0576+953270]
	(No symbol) [0x00007FF763B3E54F]
	(No symbol) [0x00007FF763B39224]
	(No symbol) [0x00007FF763B3935B]
	(No symbol) [0x00007FF763B29B94]
	BaseThreadInitThunk [0x00007FFF46DB257D+29]
	RtlUserThreadStart [0x00007FFF479AAA48+40]
</msg>
<status status="FAIL" starttime="20240419 00:37:57.297" endtime="20240419 00:37:57.313"/>
</kw>
<kw name="Do SignUp with correct credential">
<status status="NOT RUN" starttime="20240419 00:37:57.313" endtime="20240419 00:37:57.313"/>
</kw>
<kw name="Verify SignUp with correct credential">
<status status="NOT RUN" starttime="20240419 00:37:57.313" endtime="20240419 00:37:57.313"/>
</kw>
<status status="FAIL" starttime="20240419 00:37:57.297" endtime="20240419 00:37:57.313">NoSuchWindowException: Message: no such window: target window already closed
from unknown error: web view not found
  (Session info: chrome=123.0.6312.124)
Stacktrace:
	GetHandleVerifier [0x00007FF763BC7032+63090]
	(No symbol) [0x00007FF763B32C82]
	(No symbol) [0x00007FF7639CEC65]
	(No symbol) [0x00007FF7639ACA7C]
	(No symbol) [0x00007FF763A3D687]
	(No symbol) [0x00007FF763A52AC1]
	(No symbol) [0x00007FF763A36D83]
	(No symbol) [0x00007FF763A083A8]
	(No symbol) [0x00007FF763A09441]
	GetHandleVerifier [0x00007FF763FC25AD+4238317]
	GetHandleVerifier [0x00007FF763FFF70D+4488525]
	GetHandleVerifier [0x00007FF763FF79EF+4456495]
	GetHandleVerifier [0x00007FF763CA0576+953270]
	(No symbol) [0x00007FF763B3E54F]
	(No symbol) [0x00007FF763B39224]
	(No symbol) [0x00007FF763B3935B]
	(No symbol) [0x00007FF763B29B94]
	BaseThreadInitThunk [0x00007FFF46DB257D+29]
	RtlUserThreadStart [0x00007FFF479AAA48+40]
</status>
</test>
<doc>Sign up with credential</doc>
<status status="FAIL" starttime="20240419 00:37:42.428" endtime="20240419 00:37:57.313"/>
</suite>
<statistics>
<total>
<stat pass="3" fail="11" skip="0">All Tests</stat>
</total>
<tag>
</tag>
<suite>
<stat pass="3" fail="11" skip="0" id="s1" name="Main">Main</stat>
</suite>
</statistics>
<errors>
<msg timestamp="20240419 00:37:57.046" level="WARN">Keyword 'Capture Page Screenshot' could not be run on failure: Message: no such window: target window already closed
from unknown error: web view not found
  (Session info: chrome=123.0.6312.124)
Stacktrace:
	GetHandleVerifier [0x00007FF763BC7032+63090]
	(No symbol) [0x00007FF763B32C82]
	(No symbol) [0x00007FF7639CEC65]
	(No symbol) [0x00007FF7639ACA7C]
	(No symbol) [0x00007FF763A3D687]
	(No symbol) [0x00007FF763A52AC1]
	(No symbol) [0x00007FF763A36D83]
	(No symbol) [0x00007FF763A083A8]
	(No symbol) [0x00007FF763A09441]
	GetHandleVerifier [0x00007FF763FC25AD+4238317]
	GetHandleVerifier [0x00007FF763FFF70D+4488525]
	GetHandleVerifier [0x00007FF763FF79EF+4456495]
	GetHandleVerifier [0x00007FF763CA0576+953270]
	(No symbol) [0x00007FF763B3E54F]
	(No symbol) [0x00007FF763B39224]
	(No symbol) [0x00007FF763B3935B]
	(No symbol) [0x00007FF763B29B94]
	BaseThreadInitThunk [0x00007FFF46DB257D+29]
	RtlUserThreadStart [0x00007FFF479AAA48+40]
</msg>
<msg timestamp="20240419 00:37:57.115" level="WARN">Keyword 'Capture Page Screenshot' could not be run on failure: Message: no such window: target window already closed
from unknown error: web view not found
  (Session info: chrome=123.0.6312.124)
Stacktrace:
	GetHandleVerifier [0x00007FF763BC7032+63090]
	(No symbol) [0x00007FF763B32C82]
	(No symbol) [0x00007FF7639CEC65]
	(No symbol) [0x00007FF7639ACA7C]
	(No symbol) [0x00007FF763A3D687]
	(No symbol) [0x00007FF763A52AC1]
	(No symbol) [0x00007FF763A36D83]
	(No symbol) [0x00007FF763A083A8]
	(No symbol) [0x00007FF763A09441]
	GetHandleVerifier [0x00007FF763FC25AD+4238317]
	GetHandleVerifier [0x00007FF763FFF70D+4488525]
	GetHandleVerifier [0x00007FF763FF79EF+4456495]
	GetHandleVerifier [0x00007FF763CA0576+953270]
	(No symbol) [0x00007FF763B3E54F]
	(No symbol) [0x00007FF763B39224]
	(No symbol) [0x00007FF763B3935B]
	(No symbol) [0x00007FF763B29B94]
	BaseThreadInitThunk [0x00007FFF46DB257D+29]
	RtlUserThreadStart [0x00007FFF479AAA48+40]
</msg>
<msg timestamp="20240419 00:37:57.140" level="WARN">Keyword 'Capture Page Screenshot' could not be run on failure: Message: no such window: target window already closed
from unknown error: web view not found
  (Session info: chrome=123.0.6312.124)
Stacktrace:
	GetHandleVerifier [0x00007FF763BC7032+63090]
	(No symbol) [0x00007FF763B32C82]
	(No symbol) [0x00007FF7639CEC65]
	(No symbol) [0x00007FF7639ACA7C]
	(No symbol) [0x00007FF763A3D687]
	(No symbol) [0x00007FF763A52AC1]
	(No symbol) [0x00007FF763A36D83]
	(No symbol) [0x00007FF763A083A8]
	(No symbol) [0x00007FF763A09441]
	GetHandleVerifier [0x00007FF763FC25AD+4238317]
	GetHandleVerifier [0x00007FF763FFF70D+4488525]
	GetHandleVerifier [0x00007FF763FF79EF+4456495]
	GetHandleVerifier [0x00007FF763CA0576+953270]
	(No symbol) [0x00007FF763B3E54F]
	(No symbol) [0x00007FF763B39224]
	(No symbol) [0x00007FF763B3935B]
	(No symbol) [0x00007FF763B29B94]
	BaseThreadInitThunk [0x00007FFF46DB257D+29]
	RtlUserThreadStart [0x00007FFF479AAA48+40]
</msg>
<msg timestamp="20240419 00:37:57.158" level="WARN">Keyword 'Capture Page Screenshot' could not be run on failure: Message: no such window: target window already closed
from unknown error: web view not found
  (Session info: chrome=123.0.6312.124)
Stacktrace:
	GetHandleVerifier [0x00007FF763BC7032+63090]
	(No symbol) [0x00007FF763B32C82]
	(No symbol) [0x00007FF7639CEC65]
	(No symbol) [0x00007FF7639ACA7C]
	(No symbol) [0x00007FF763A3D687]
	(No symbol) [0x00007FF763A52AC1]
	(No symbol) [0x00007FF763A36D83]
	(No symbol) [0x00007FF763A083A8]
	(No symbol) [0x00007FF763A09441]
	GetHandleVerifier [0x00007FF763FC25AD+4238317]
	GetHandleVerifier [0x00007FF763FFF70D+4488525]
	GetHandleVerifier [0x00007FF763FF79EF+4456495]
	GetHandleVerifier [0x00007FF763CA0576+953270]
	(No symbol) [0x00007FF763B3E54F]
	(No symbol) [0x00007FF763B39224]
	(No symbol) [0x00007FF763B3935B]
	(No symbol) [0x00007FF763B29B94]
	BaseThreadInitThunk [0x00007FFF46DB257D+29]
	RtlUserThreadStart [0x00007FFF479AAA48+40]
</msg>
<msg timestamp="20240419 00:37:57.183" level="WARN">Keyword 'Capture Page Screenshot' could not be run on failure: Message: no such window: target window already closed
from unknown error: web view not found
  (Session info: chrome=123.0.6312.124)
Stacktrace:
	GetHandleVerifier [0x00007FF763BC7032+63090]
	(No symbol) [0x00007FF763B32C82]
	(No symbol) [0x00007FF7639CEC65]
	(No symbol) [0x00007FF7639ACA7C]
	(No symbol) [0x00007FF763A3D687]
	(No symbol) [0x00007FF763A52AC1]
	(No symbol) [0x00007FF763A36D83]
	(No symbol) [0x00007FF763A083A8]
	(No symbol) [0x00007FF763A09441]
	GetHandleVerifier [0x00007FF763FC25AD+4238317]
	GetHandleVerifier [0x00007FF763FFF70D+4488525]
	GetHandleVerifier [0x00007FF763FF79EF+4456495]
	GetHandleVerifier [0x00007FF763CA0576+953270]
	(No symbol) [0x00007FF763B3E54F]
	(No symbol) [0x00007FF763B39224]
	(No symbol) [0x00007FF763B3935B]
	(No symbol) [0x00007FF763B29B94]
	BaseThreadInitThunk [0x00007FFF46DB257D+29]
	RtlUserThreadStart [0x00007FFF479AAA48+40]
</msg>
<msg timestamp="20240419 00:37:57.202" level="WARN">Keyword 'Capture Page Screenshot' could not be run on failure: Message: no such window: target window already closed
from unknown error: web view not found
  (Session info: chrome=123.0.6312.124)
Stacktrace:
	GetHandleVerifier [0x00007FF763BC7032+63090]
	(No symbol) [0x00007FF763B32C82]
	(No symbol) [0x00007FF7639CEC65]
	(No symbol) [0x00007FF7639ACA7C]
	(No symbol) [0x00007FF763A3D687]
	(No symbol) [0x00007FF763A52AC1]
	(No symbol) [0x00007FF763A36D83]
	(No symbol) [0x00007FF763A083A8]
	(No symbol) [0x00007FF763A09441]
	GetHandleVerifier [0x00007FF763FC25AD+4238317]
	GetHandleVerifier [0x00007FF763FFF70D+4488525]
	GetHandleVerifier [0x00007FF763FF79EF+4456495]
	GetHandleVerifier [0x00007FF763CA0576+953270]
	(No symbol) [0x00007FF763B3E54F]
	(No symbol) [0x00007FF763B39224]
	(No symbol) [0x00007FF763B3935B]
	(No symbol) [0x00007FF763B29B94]
	BaseThreadInitThunk [0x00007FFF46DB257D+29]
	RtlUserThreadStart [0x00007FFF479AAA48+40]
</msg>
<msg timestamp="20240419 00:37:57.219" level="WARN">Keyword 'Capture Page Screenshot' could not be run on failure: Message: no such window: target window already closed
from unknown error: web view not found
  (Session info: chrome=123.0.6312.124)
Stacktrace:
	GetHandleVerifier [0x00007FF763BC7032+63090]
	(No symbol) [0x00007FF763B32C82]
	(No symbol) [0x00007FF7639CEC65]
	(No symbol) [0x00007FF7639ACA7C]
	(No symbol) [0x00007FF763A3D687]
	(No symbol) [0x00007FF763A52AC1]
	(No symbol) [0x00007FF763A36D83]
	(No symbol) [0x00007FF763A083A8]
	(No symbol) [0x00007FF763A09441]
	GetHandleVerifier [0x00007FF763FC25AD+4238317]
	GetHandleVerifier [0x00007FF763FFF70D+4488525]
	GetHandleVerifier [0x00007FF763FF79EF+4456495]
	GetHandleVerifier [0x00007FF763CA0576+953270]
	(No symbol) [0x00007FF763B3E54F]
	(No symbol) [0x00007FF763B39224]
	(No symbol) [0x00007FF763B3935B]
	(No symbol) [0x00007FF763B29B94]
	BaseThreadInitThunk [0x00007FFF46DB257D+29]
	RtlUserThreadStart [0x00007FFF479AAA48+40]
</msg>
<msg timestamp="20240419 00:37:57.234" level="WARN">Keyword 'Capture Page Screenshot' could not be run on failure: Message: no such window: target window already closed
from unknown error: web view not found
  (Session info: chrome=123.0.6312.124)
Stacktrace:
	GetHandleVerifier [0x00007FF763BC7032+63090]
	(No symbol) [0x00007FF763B32C82]
	(No symbol) [0x00007FF7639CEC65]
	(No symbol) [0x00007FF7639ACA7C]
	(No symbol) [0x00007FF763A3D687]
	(No symbol) [0x00007FF763A52AC1]
	(No symbol) [0x00007FF763A36D83]
	(No symbol) [0x00007FF763A083A8]
	(No symbol) [0x00007FF763A09441]
	GetHandleVerifier [0x00007FF763FC25AD+4238317]
	GetHandleVerifier [0x00007FF763FFF70D+4488525]
	GetHandleVerifier [0x00007FF763FF79EF+4456495]
	GetHandleVerifier [0x00007FF763CA0576+953270]
	(No symbol) [0x00007FF763B3E54F]
	(No symbol) [0x00007FF763B39224]
	(No symbol) [0x00007FF763B3935B]
	(No symbol) [0x00007FF763B29B94]
	BaseThreadInitThunk [0x00007FFF46DB257D+29]
	RtlUserThreadStart [0x00007FFF479AAA48+40]
</msg>
<msg timestamp="20240419 00:37:57.266" level="WARN">Keyword 'Capture Page Screenshot' could not be run on failure: Message: no such window: target window already closed
from unknown error: web view not found
  (Session info: chrome=123.0.6312.124)
Stacktrace:
	GetHandleVerifier [0x00007FF763BC7032+63090]
	(No symbol) [0x00007FF763B32C82]
	(No symbol) [0x00007FF7639CEC65]
	(No symbol) [0x00007FF7639ACA7C]
	(No symbol) [0x00007FF763A3D687]
	(No symbol) [0x00007FF763A52AC1]
	(No symbol) [0x00007FF763A36D83]
	(No symbol) [0x00007FF763A083A8]
	(No symbol) [0x00007FF763A09441]
	GetHandleVerifier [0x00007FF763FC25AD+4238317]
	GetHandleVerifier [0x00007FF763FFF70D+4488525]
	GetHandleVerifier [0x00007FF763FF79EF+4456495]
	GetHandleVerifier [0x00007FF763CA0576+953270]
	(No symbol) [0x00007FF763B3E54F]
	(No symbol) [0x00007FF763B39224]
	(No symbol) [0x00007FF763B3935B]
	(No symbol) [0x00007FF763B29B94]
	BaseThreadInitThunk [0x00007FFF46DB257D+29]
	RtlUserThreadStart [0x00007FFF479AAA48+40]
</msg>
<msg timestamp="20240419 00:37:57.282" level="WARN">Keyword 'Capture Page Screenshot' could not be run on failure: Message: no such window: target window already closed
from unknown error: web view not found
  (Session info: chrome=123.0.6312.124)
Stacktrace:
	GetHandleVerifier [0x00007FF763BC7032+63090]
	(No symbol) [0x00007FF763B32C82]
	(No symbol) [0x00007FF7639CEC65]
	(No symbol) [0x00007FF7639ACA7C]
	(No symbol) [0x00007FF763A3D687]
	(No symbol) [0x00007FF763A52AC1]
	(No symbol) [0x00007FF763A36D83]
	(No symbol) [0x00007FF763A083A8]
	(No symbol) [0x00007FF763A09441]
	GetHandleVerifier [0x00007FF763FC25AD+4238317]
	GetHandleVerifier [0x00007FF763FFF70D+4488525]
	GetHandleVerifier [0x00007FF763FF79EF+4456495]
	GetHandleVerifier [0x00007FF763CA0576+953270]
	(No symbol) [0x00007FF763B3E54F]
	(No symbol) [0x00007FF763B39224]
	(No symbol) [0x00007FF763B3935B]
	(No symbol) [0x00007FF763B29B94]
	BaseThreadInitThunk [0x00007FFF46DB257D+29]
	RtlUserThreadStart [0x00007FFF479AAA48+40]
</msg>
<msg timestamp="20240419 00:37:57.306" level="WARN">Keyword 'Capture Page Screenshot' could not be run on failure: Message: no such window: target window already closed
from unknown error: web view not found
  (Session info: chrome=123.0.6312.124)
Stacktrace:
	GetHandleVerifier [0x00007FF763BC7032+63090]
	(No symbol) [0x00007FF763B32C82]
	(No symbol) [0x00007FF7639CEC65]
	(No symbol) [0x00007FF7639ACA7C]
	(No symbol) [0x00007FF763A3D687]
	(No symbol) [0x00007FF763A52AC1]
	(No symbol) [0x00007FF763A36D83]
	(No symbol) [0x00007FF763A083A8]
	(No symbol) [0x00007FF763A09441]
	GetHandleVerifier [0x00007FF763FC25AD+4238317]
	GetHandleVerifier [0x00007FF763FFF70D+4488525]
	GetHandleVerifier [0x00007FF763FF79EF+4456495]
	GetHandleVerifier [0x00007FF763CA0576+953270]
	(No symbol) [0x00007FF763B3E54F]
	(No symbol) [0x00007FF763B39224]
	(No symbol) [0x00007FF763B3935B]
	(No symbol) [0x00007FF763B29B94]
	BaseThreadInitThunk [0x00007FFF46DB257D+29]
	RtlUserThreadStart [0x00007FFF479AAA48+40]
</msg>
</errors>
</robot>
